-------------------- НОВЫЙ ЗАПУСК 13:08:32.586 --------------------
13:08:32.586 : Проблема с данными расписания или ошибка FillDesks()
13:08:32.587 : Возникла проблемы при обработке информации, проверьте лог 2023-05-29.log

-------------------- НОВЫЙ ЗАПУСК 13:09:27.420 --------------------
13:09:27.420 : Проблема с данными расписания или ошибка FillDesks()
13:09:27.421 : Возникла проблемы при обработке информации, проверьте лог 2023-05-29.log

-------------------- НОВЫЙ ЗАПУСК 13:09:55.566 --------------------
13:09:55.566 : Проблема с данными расписания или ошибка FillDesks()
13:09:55.567 : Возникла проблемы при обработке информации, проверьте лог 2023-05-29.log

-------------------- НОВЫЙ ЗАПУСК 13:14:52.912 --------------------
13:14:52.912 : Проблема с данными расписания или ошибка FillDesks()
13:14:52.914 : Возникла проблемы при обработке информации, проверьте лог 2023-05-29.log

-------------------- НОВЫЙ ЗАПУСК 13:15:59.331 --------------------
13:15:59.331 : Проблема с данными расписания или ошибка FillDesks()
13:15:59.332 : Возникла проблемы при обработке информации, проверьте лог 2023-05-29.log

-------------------- НОВЫЙ ЗАПУСК 13:19:46.214 --------------------
13:19:46.215 : Проблема с данными расписания или ошибка FillDesks()
13:19:46.215 : Возникла проблемы при обработке информации, проверьте лог 2023-05-29.log
15:19:46.215 : тест
-------------------- НОВЫЙ ЗАПУСК 14:53:34.363 --------------------
14:53:34.364 : Проблема с данными расписания или ошибка FillDesks()
14:53:34.364 : Возникла проблемы при обработке информации, проверьте лог "2023-05-29.log"

-------------------- НОВЫЙ ЗАПУСК 14:54:38.916 --------------------
14:54:38.916 : Проблема с данными расписания или ошибка FillDesks()
14:54:38.917 : Возникла проблемы при обработке информации, проверьте лог "2023-05-29.log"

-------------------- НОВЫЙ ЗАПУСК 15:01:03.307 --------------------
15:01:03.308 : Проблема с данными расписания или ошибка FillDesks()
15:01:03.309 : Возникла проблемы при обработке информации, проверьте лог "2023-05-29.log"

-------------------- НОВЫЙ ЗАПУСК 15:02:26.020 --------------------
15:02:26.020 : Проблема с данными расписания или ошибка FillDesks()
15:02:26.021 : Возникла проблемы при обработке информации, проверьте лог "2023-05-29.log"

-------------------- НОВЫЙ ЗАПУСК 15:02:40.887 --------------------
15:02:40.887 : Проблема с данными расписания или ошибка FillDesks()
15:02:40.887 : Возникла проблемы при обработке информации, проверьте лог "2023-05-29.log"

-------------------- НОВЫЙ ЗАПУСК 15:02:47.525 --------------------
15:02:47.525 : Проблема с данными расписания или ошибка FillDesks()
15:02:47.526 : Возникла проблемы при обработке информации, проверьте лог "2023-05-29.log"

-------------------- НОВЫЙ ЗАПУСК 15:03:52.002 --------------------
15:03:52.002 : Проблема с данными расписания или ошибка FillDesks()
15:03:52.003 : Возникла проблемы при обработке информации, проверьте лог "2023-05-29.log"

-------------------- НОВЫЙ ЗАПУСК 15:08:53.406 --------------------
15:08:53.406 : Проблема с данными расписания или ошибка FillDesks()
15:08:53.407 : Возникла проблемы при обработке информации, проверьте лог "2023-05-29.log"

-------------------- НОВЫЙ ЗАПУСК 15:09:44.582 --------------------
15:09:44.582 : Проблема с данными расписания или ошибка FillDesks()
15:09:44.583 : Возникла проблемы при обработке информации, проверьте лог "2023-05-29.log"

-------------------- НОВЫЙ ЗАПУСК 15:09:55.696 --------------------
15:09:55.697 : Проблема с данными расписания или ошибка FillDesks()
15:09:55.698 : Возникла проблемы при обработке информации, проверьте лог "2023-05-29.log"

-------------------- НОВЫЙ ЗАПУСК 15:10:26.532 --------------------
15:10:26.533 : Проблема с данными расписания или ошибка FillDesks()
15:10:26.533 : Возникла проблемы при обработке информации, проверьте лог "2023-05-29.log"

-------------------- НОВЫЙ ЗАПУСК 15:11:30.573 --------------------
15:11:30.573 : Проблема с данными расписания или ошибка FillDesks()
15:11:30.573 : Возникла проблемы при обработке информации, проверьте лог "2023-05-29.log"

-------------------- НОВЫЙ ЗАПУСК 15:15:05.079 --------------------
15:15:05.079 : Проблема с данными расписания или ошибка FillDesks()
15:15:05.080 : Возникла проблемы при обработке информации, проверьте лог "2023-05-29.log"

-------------------- НОВЫЙ ЗАПУСК 15:15:45.884 --------------------
15:15:45.884 : Проблема с данными расписания или ошибка FillDesks()
15:15:45.885 : Возникла проблемы при обработке информации, проверьте лог "2023-05-29.log"

-------------------- НОВЫЙ ЗАПУСК 15:16:51.765 --------------------
15:16:51.765 : Проблема с данными расписания или ошибка FillDesks()
15:16:51.766 : Возникла проблемы при обработке информации, проверьте лог "2023-05-29.log"

-------------------- НОВЫЙ ЗАПУСК 15:32:05.431 --------------------
15:32:05.432 : Проблема с данными расписания или ошибка FillDesks()
15:32:05.433 : Возникла проблемы при обработке информации, проверьте лог "2023-05-29.log"

-------------------- НОВЫЙ ЗАПУСК 15:39:46.140 --------------------
15:39:46.141 : Проблема с данными расписания или ошибка FillDesks()
15:39:46.142 : Возникла проблемы при обработке информации, проверьте лог "2023-05-29.log"

-------------------- НОВЫЙ ЗАПУСК 15:42:28.202 --------------------
15:42:28.203 : Проблема с данными расписания или ошибка FillDesks()
15:42:28.205 : Возникла проблемы при обработке информации, проверьте лог "2023-05-29.log"

-------------------- НОВЫЙ ЗАПУСК 15:46:13.188 --------------------
15:46:13.188 : Проблема с данными расписания или ошибка FillDesks()
15:46:13.191 : Возникла проблемы при обработке информации, проверьте лог "2023-05-29.log"

-------------------- НОВЫЙ ЗАПУСК 15:53:45.488 --------------------
15:53:45.488 : Проблема с данными расписания или ошибка FillDesks()
15:53:45.488 : Возникла проблемы при обработке информации, проверьте лог "2023-05-29.log"
