-------------------- НОВЫЙ ЗАПУСК 10:30:47.308 --------------------
10:30:47.308 : (GU1) Пользователя с идентификатором "0" нету в базе данных
10:30:47.311 : (FDesks5) Взятие пользователя по строке "пункт1|0" безуспешно завершено. Проверьте информацию в файле "mzePI7wT.desk" в строке "3" и файле "C:\Users\USER\source\repos\TaskManager\data\Data.xlsx"
10:30:47.312 : (GU1) Пользователя с идентификатором "0" нету в базе данных
10:30:47.313 : (FDesks5) Взятие пользователя по строке "пункт2|0" безуспешно завершено. Проверьте информацию в файле "mzePI7wT.desk" в строке "4" и файле "C:\Users\USER\source\repos\TaskManager\data\Data.xlsx"
10:30:47.314 : (GU1) Пользователя с идентификатором "0" нету в базе данных
10:30:47.315 : (FDesks5) Взятие пользователя по строке "пункт4|0" безуспешно завершено. Проверьте информацию в файле "mzePI7wT.desk" в строке "5" и файле "C:\Users\USER\source\repos\TaskManager\data\Data.xlsx"
10:30:47.316 : (GU1) Пользователя с идентификатором "0" нету в базе данных
10:30:47.317 : (FDesks5) Взятие пользователя по строке "пункт3|0" безуспешно завершено. Проверьте информацию в файле "mzePI7wT.desk" в строке "6" и файле "C:\Users\USER\source\repos\TaskManager\data\Data.xlsx"
10:30:47.318 : (GU1) Пользователя с идентификатором "0" нету в базе данных
10:30:47.320 : (FDesks5) Взятие пользователя по строке "пункт1|0" безуспешно завершено. Проверьте информацию в файле "mzePI7wT.desk" в строке "10" и файле "C:\Users\USER\source\repos\TaskManager\data\Data.xlsx"
10:30:47.321 : (GU1) Пользователя с идентификатором "0" нету в базе данных
10:30:47.322 : (FDesks5) Взятие пользователя по строке "пункт2|0" безуспешно завершено. Проверьте информацию в файле "mzePI7wT.desk" в строке "11" и файле "C:\Users\USER\source\repos\TaskManager\data\Data.xlsx"
10:30:47.323 : (GU1) Пользователя с идентификатором "1" нету в базе данных
10:30:47.324 : (FDesks5) Взятие пользователя по строке "пункт3|1" безуспешно завершено. Проверьте информацию в файле "mzePI7wT.desk" в строке "12" и файле "C:\Users\USER\source\repos\TaskManager\data\Data.xlsx"
10:30:47.325 : (GU1) Пользователя с идентификатором "0" нету в базе данных
10:30:47.326 : (FDesks5) Взятие пользователя по строке "пункт4|0" безуспешно завершено. Проверьте информацию в файле "mzePI7wT.desk" в строке "13" и файле "C:\Users\USER\source\repos\TaskManager\data\Data.xlsx"
10:30:47.328 : (GU1) Пользователя с идентификатором "0" нету в базе данных
10:30:47.329 : (FDesks5) Взятие пользователя по строке "пункт1|0" безуспешно завершено. Проверьте информацию в файле "mzePI7wT.desk" в строке "17" и файле "C:\Users\USER\source\repos\TaskManager\data\Data.xlsx"
10:30:47.330 : (GU1) Пользователя с идентификатором "0" нету в базе данных
10:30:47.331 : (FDesks5) Взятие пользователя по строке "пункт2|0" безуспешно завершено. Проверьте информацию в файле "mzePI7wT.desk" в строке "18" и файле "C:\Users\USER\source\repos\TaskManager\data\Data.xlsx"
10:30:47.332 : (GU1) Пользователя с идентификатором "1" нету в базе данных
10:30:47.333 : (FDesks5) Взятие пользователя по строке "пункт3|1" безуспешно завершено. Проверьте информацию в файле "mzePI7wT.desk" в строке "19" и файле "C:\Users\USER\source\repos\TaskManager\data\Data.xlsx"
10:30:47.334 : (GU1) Пользователя с идентификатором "0" нету в базе данных
10:30:47.335 : (FDesks5) Взятие пользователя по строке "пункт4|0" безуспешно завершено. Проверьте информацию в файле "mzePI7wT.desk" в строке "20" и файле "C:\Users\USER\source\repos\TaskManager\data\Data.xlsx"
10:30:47.338 : (FDesks13) Проблема с данными расписания или ошибка FillDesks()
10:30:47.340 : (LError1) Возникла проблемы при обработке информации, проверьте лог "2023-06-22.log"

-------------------- НОВЫЙ ЗАПУСК 11:03:07.273 --------------------
11:03:07.273 : (GU1) Пользователя с идентификатором "0" нету в базе данных
11:03:07.298 : (FDesks5) Взятие пользователя по строке "пункт1|0" безуспешно завершено. Проверьте информацию в файле "mzePI7wT.desk" в строке "3" и файле "C:\Users\USER\source\repos\TaskManager\data\Data.xlsx"
11:03:07.299 : (GU1) Пользователя с идентификатором "0" нету в базе данных
11:03:07.301 : (FDesks5) Взятие пользователя по строке "пункт2|0" безуспешно завершено. Проверьте информацию в файле "mzePI7wT.desk" в строке "4" и файле "C:\Users\USER\source\repos\TaskManager\data\Data.xlsx"
11:03:07.302 : (GU1) Пользователя с идентификатором "0" нету в базе данных
11:03:07.303 : (FDesks5) Взятие пользователя по строке "пункт4|0" безуспешно завершено. Проверьте информацию в файле "mzePI7wT.desk" в строке "5" и файле "C:\Users\USER\source\repos\TaskManager\data\Data.xlsx"
11:03:07.304 : (GU1) Пользователя с идентификатором "0" нету в базе данных
11:03:07.305 : (FDesks5) Взятие пользователя по строке "пункт3|0" безуспешно завершено. Проверьте информацию в файле "mzePI7wT.desk" в строке "6" и файле "C:\Users\USER\source\repos\TaskManager\data\Data.xlsx"
11:03:07.306 : (GU1) Пользователя с идентификатором "0" нету в базе данных
11:03:07.307 : (FDesks5) Взятие пользователя по строке "пункт1|0" безуспешно завершено. Проверьте информацию в файле "mzePI7wT.desk" в строке "10" и файле "C:\Users\USER\source\repos\TaskManager\data\Data.xlsx"
11:03:07.308 : (GU1) Пользователя с идентификатором "0" нету в базе данных
11:03:07.309 : (FDesks5) Взятие пользователя по строке "пункт2|0" безуспешно завершено. Проверьте информацию в файле "mzePI7wT.desk" в строке "11" и файле "C:\Users\USER\source\repos\TaskManager\data\Data.xlsx"
11:03:07.310 : (GU1) Пользователя с идентификатором "1" нету в базе данных
11:03:07.311 : (FDesks5) Взятие пользователя по строке "пункт3|1" безуспешно завершено. Проверьте информацию в файле "mzePI7wT.desk" в строке "12" и файле "C:\Users\USER\source\repos\TaskManager\data\Data.xlsx"
11:03:07.313 : (GU1) Пользователя с идентификатором "0" нету в базе данных
11:03:07.313 : (FDesks5) Взятие пользователя по строке "пункт4|0" безуспешно завершено. Проверьте информацию в файле "mzePI7wT.desk" в строке "13" и файле "C:\Users\USER\source\repos\TaskManager\data\Data.xlsx"
11:03:07.314 : (GU1) Пользователя с идентификатором "0" нету в базе данных
11:03:07.315 : (FDesks5) Взятие пользователя по строке "пункт1|0" безуспешно завершено. Проверьте информацию в файле "mzePI7wT.desk" в строке "17" и файле "C:\Users\USER\source\repos\TaskManager\data\Data.xlsx"
11:03:07.317 : (GU1) Пользователя с идентификатором "0" нету в базе данных
11:03:07.317 : (FDesks5) Взятие пользователя по строке "пункт2|0" безуспешно завершено. Проверьте информацию в файле "mzePI7wT.desk" в строке "18" и файле "C:\Users\USER\source\repos\TaskManager\data\Data.xlsx"
11:03:07.319 : (GU1) Пользователя с идентификатором "1" нету в базе данных
11:03:07.319 : (FDesks5) Взятие пользователя по строке "пункт3|1" безуспешно завершено. Проверьте информацию в файле "mzePI7wT.desk" в строке "19" и файле "C:\Users\USER\source\repos\TaskManager\data\Data.xlsx"
11:03:07.320 : (GU1) Пользователя с идентификатором "0" нету в базе данных
11:03:07.322 : (FDesks5) Взятие пользователя по строке "пункт4|0" безуспешно завершено. Проверьте информацию в файле "mzePI7wT.desk" в строке "20" и файле "C:\Users\USER\source\repos\TaskManager\data\Data.xlsx"
11:03:07.323 : (FDesks13) Проблема с данными расписания или ошибка FillDesks()
11:03:07.324 : (LError1) Возникла проблемы при обработке информации, проверьте лог "2023-06-22.log"
11:03:07.553 : 0.   задача 1
11:03:07.560 : 1.   задача 2
11:03:07.568 : 2.   задача 1

-------------------- НОВЫЙ ЗАПУСК 11:08:42.543 --------------------
11:08:42.543 : (GU1) Пользователя с идентификатором "0" нету в базе данных
11:08:42.546 : (FDesks5) Взятие пользователя по строке "пункт1|0" безуспешно завершено. Проверьте информацию в файле "mzePI7wT.desk" в строке "3" и файле "C:\Users\USER\source\repos\TaskManager\data\Data.xlsx"
11:08:42.548 : (GU1) Пользователя с идентификатором "0" нету в базе данных
11:08:42.549 : (FDesks5) Взятие пользователя по строке "пункт2|0" безуспешно завершено. Проверьте информацию в файле "mzePI7wT.desk" в строке "4" и файле "C:\Users\USER\source\repos\TaskManager\data\Data.xlsx"
11:08:42.550 : (GU1) Пользователя с идентификатором "0" нету в базе данных
11:08:42.552 : (FDesks5) Взятие пользователя по строке "пункт4|0" безуспешно завершено. Проверьте информацию в файле "mzePI7wT.desk" в строке "5" и файле "C:\Users\USER\source\repos\TaskManager\data\Data.xlsx"
11:08:42.554 : (GU1) Пользователя с идентификатором "0" нету в базе данных
11:08:42.555 : (FDesks5) Взятие пользователя по строке "пункт3|0" безуспешно завершено. Проверьте информацию в файле "mzePI7wT.desk" в строке "6" и файле "C:\Users\USER\source\repos\TaskManager\data\Data.xlsx"
11:08:42.556 : (GU1) Пользователя с идентификатором "0" нету в базе данных
11:08:42.557 : (FDesks5) Взятие пользователя по строке "пункт1|0" безуспешно завершено. Проверьте информацию в файле "mzePI7wT.desk" в строке "10" и файле "C:\Users\USER\source\repos\TaskManager\data\Data.xlsx"
11:08:42.558 : (GU1) Пользователя с идентификатором "0" нету в базе данных
11:08:42.559 : (FDesks5) Взятие пользователя по строке "пункт2|0" безуспешно завершено. Проверьте информацию в файле "mzePI7wT.desk" в строке "11" и файле "C:\Users\USER\source\repos\TaskManager\data\Data.xlsx"
11:08:42.560 : (GU1) Пользователя с идентификатором "1" нету в базе данных
11:08:42.561 : (FDesks5) Взятие пользователя по строке "пункт3|1" безуспешно завершено. Проверьте информацию в файле "mzePI7wT.desk" в строке "12" и файле "C:\Users\USER\source\repos\TaskManager\data\Data.xlsx"
11:08:42.562 : (GU1) Пользователя с идентификатором "0" нету в базе данных
11:08:42.563 : (FDesks5) Взятие пользователя по строке "пункт4|0" безуспешно завершено. Проверьте информацию в файле "mzePI7wT.desk" в строке "13" и файле "C:\Users\USER\source\repos\TaskManager\data\Data.xlsx"
11:08:42.565 : (GU1) Пользователя с идентификатором "0" нету в базе данных
11:08:42.566 : (FDesks5) Взятие пользователя по строке "пункт1|0" безуспешно завершено. Проверьте информацию в файле "mzePI7wT.desk" в строке "17" и файле "C:\Users\USER\source\repos\TaskManager\data\Data.xlsx"
11:08:42.567 : (GU1) Пользователя с идентификатором "0" нету в базе данных
11:08:42.568 : (FDesks5) Взятие пользователя по строке "пункт2|0" безуспешно завершено. Проверьте информацию в файле "mzePI7wT.desk" в строке "18" и файле "C:\Users\USER\source\repos\TaskManager\data\Data.xlsx"
11:08:42.569 : (GU1) Пользователя с идентификатором "1" нету в базе данных
11:08:42.571 : (FDesks5) Взятие пользователя по строке "пункт3|1" безуспешно завершено. Проверьте информацию в файле "mzePI7wT.desk" в строке "19" и файле "C:\Users\USER\source\repos\TaskManager\data\Data.xlsx"
11:08:42.572 : (GU1) Пользователя с идентификатором "0" нету в базе данных
11:08:42.573 : (FDesks5) Взятие пользователя по строке "пункт4|0" безуспешно завершено. Проверьте информацию в файле "mzePI7wT.desk" в строке "20" и файле "C:\Users\USER\source\repos\TaskManager\data\Data.xlsx"
11:08:42.575 : (FDesks13) Проблема с данными расписания или ошибка FillDesks()
11:08:42.577 : (LError1) Возникла проблемы при обработке информации, проверьте лог "2023-06-22.log"
11:08:42.816 : 0.   задача 1
11:08:42.825 :    0)   пункт1
11:08:42.834 :    1)   пункт2
11:08:42.842 :    2)   пункт4
11:08:42.850 :    3)   пункт3

-------------------- НОВЫЙ ЗАПУСК 11:14:06.666 --------------------
11:14:06.666 : (GU1) Пользователя с идентификатором "0" нету в базе данных
11:14:06.670 : (FDesks5) Взятие пользователя по строке "пункт1|0" безуспешно завершено. Проверьте информацию в файле "mzePI7wT.desk" в строке "3" и файле "C:\Users\USER\source\repos\TaskManager\data\Data.xlsx"
11:14:06.671 : (GU1) Пользователя с идентификатором "0" нету в базе данных
11:14:06.672 : (FDesks5) Взятие пользователя по строке "пункт2|0" безуспешно завершено. Проверьте информацию в файле "mzePI7wT.desk" в строке "4" и файле "C:\Users\USER\source\repos\TaskManager\data\Data.xlsx"
11:14:06.673 : (GU1) Пользователя с идентификатором "0" нету в базе данных
11:14:06.674 : (FDesks5) Взятие пользователя по строке "пункт4|0" безуспешно завершено. Проверьте информацию в файле "mzePI7wT.desk" в строке "5" и файле "C:\Users\USER\source\repos\TaskManager\data\Data.xlsx"
11:14:06.675 : (GU1) Пользователя с идентификатором "0" нету в базе данных
11:14:06.676 : (FDesks5) Взятие пользователя по строке "пункт3|0" безуспешно завершено. Проверьте информацию в файле "mzePI7wT.desk" в строке "6" и файле "C:\Users\USER\source\repos\TaskManager\data\Data.xlsx"
11:14:06.677 : (GU1) Пользователя с идентификатором "0" нету в базе данных
11:14:06.679 : (FDesks5) Взятие пользователя по строке "пункт1|0" безуспешно завершено. Проверьте информацию в файле "mzePI7wT.desk" в строке "10" и файле "C:\Users\USER\source\repos\TaskManager\data\Data.xlsx"
11:14:06.680 : (GU1) Пользователя с идентификатором "0" нету в базе данных
11:14:06.681 : (FDesks5) Взятие пользователя по строке "пункт2|0" безуспешно завершено. Проверьте информацию в файле "mzePI7wT.desk" в строке "11" и файле "C:\Users\USER\source\repos\TaskManager\data\Data.xlsx"
11:14:06.682 : (GU1) Пользователя с идентификатором "1" нету в базе данных
11:14:06.683 : (FDesks5) Взятие пользователя по строке "пункт3|1" безуспешно завершено. Проверьте информацию в файле "mzePI7wT.desk" в строке "12" и файле "C:\Users\USER\source\repos\TaskManager\data\Data.xlsx"
11:14:06.684 : (GU1) Пользователя с идентификатором "0" нету в базе данных
11:14:06.684 : (FDesks5) Взятие пользователя по строке "пункт4|0" безуспешно завершено. Проверьте информацию в файле "mzePI7wT.desk" в строке "13" и файле "C:\Users\USER\source\repos\TaskManager\data\Data.xlsx"
11:14:06.686 : (GU1) Пользователя с идентификатором "0" нету в базе данных
11:14:06.687 : (FDesks5) Взятие пользователя по строке "пункт1|0" безуспешно завершено. Проверьте информацию в файле "mzePI7wT.desk" в строке "17" и файле "C:\Users\USER\source\repos\TaskManager\data\Data.xlsx"
11:14:06.688 : (GU1) Пользователя с идентификатором "0" нету в базе данных
11:14:06.689 : (FDesks5) Взятие пользователя по строке "пункт2|0" безуспешно завершено. Проверьте информацию в файле "mzePI7wT.desk" в строке "18" и файле "C:\Users\USER\source\repos\TaskManager\data\Data.xlsx"
11:14:06.689 : (GU1) Пользователя с идентификатором "1" нету в базе данных
11:14:06.690 : (FDesks5) Взятие пользователя по строке "пункт3|1" безуспешно завершено. Проверьте информацию в файле "mzePI7wT.desk" в строке "19" и файле "C:\Users\USER\source\repos\TaskManager\data\Data.xlsx"
11:14:06.691 : (GU1) Пользователя с идентификатором "0" нету в базе данных
11:14:06.692 : (FDesks5) Взятие пользователя по строке "пункт4|0" безуспешно завершено. Проверьте информацию в файле "mzePI7wT.desk" в строке "20" и файле "C:\Users\USER\source\repos\TaskManager\data\Data.xlsx"
11:14:06.695 : (FDesks13) Проблема с данными расписания или ошибка FillDesks()
11:14:06.696 : (LError1) Возникла проблемы при обработке информации, проверьте лог "2023-06-22.log"
11:14:06.908 : 0.   задача 1
11:14:06.916 : 1.   задача 2
11:14:06.923 : 2.   задача 1

-------------------- НОВЫЙ ЗАПУСК 11:17:26.082 --------------------
11:17:26.082 : Конец обработки информации. Имя программы: "Task Manager". Текущая версия программы: "v1.0.2250 alpha"
11:17:26.366 : 0.   задача 1
11:17:26.369 : 1.   задача 2
11:17:26.372 : 2.   задача 1

-------------------- НОВЫЙ ЗАПУСК 12:18:44.324 --------------------
12:18:44.324 : (GU1) Пользователя с идентификатором "0" нету в базе данных
12:18:44.327 : (FDesks5) Взятие пользователя по строке "пункт1|0" безуспешно завершено. Проверьте информацию в файле "mzePI7wT.desk" в строке "3" и файле "C:\Users\USER\source\repos\TaskManager\data\Data.xlsx"
12:18:44.329 : (GU1) Пользователя с идентификатором "0" нету в базе данных
12:18:44.331 : (FDesks5) Взятие пользователя по строке "пункт2|0" безуспешно завершено. Проверьте информацию в файле "mzePI7wT.desk" в строке "4" и файле "C:\Users\USER\source\repos\TaskManager\data\Data.xlsx"
12:18:44.332 : (GU1) Пользователя с идентификатором "0" нету в базе данных
12:18:44.334 : (FDesks5) Взятие пользователя по строке "пункт4|0" безуспешно завершено. Проверьте информацию в файле "mzePI7wT.desk" в строке "5" и файле "C:\Users\USER\source\repos\TaskManager\data\Data.xlsx"
12:18:44.335 : (GU1) Пользователя с идентификатором "0" нету в базе данных
12:18:44.337 : (FDesks5) Взятие пользователя по строке "пункт3|0" безуспешно завершено. Проверьте информацию в файле "mzePI7wT.desk" в строке "6" и файле "C:\Users\USER\source\repos\TaskManager\data\Data.xlsx"
12:18:44.338 : (GU1) Пользователя с идентификатором "0" нету в базе данных
12:18:44.339 : (FDesks5) Взятие пользователя по строке "пункт1|0" безуспешно завершено. Проверьте информацию в файле "mzePI7wT.desk" в строке "10" и файле "C:\Users\USER\source\repos\TaskManager\data\Data.xlsx"
12:18:44.341 : (GU1) Пользователя с идентификатором "0" нету в базе данных
12:18:44.342 : (FDesks5) Взятие пользователя по строке "пункт2|0" безуспешно завершено. Проверьте информацию в файле "mzePI7wT.desk" в строке "11" и файле "C:\Users\USER\source\repos\TaskManager\data\Data.xlsx"
12:18:44.344 : (GU1) Пользователя с идентификатором "1" нету в базе данных
12:18:44.345 : (FDesks5) Взятие пользователя по строке "пункт3|1" безуспешно завершено. Проверьте информацию в файле "mzePI7wT.desk" в строке "12" и файле "C:\Users\USER\source\repos\TaskManager\data\Data.xlsx"
12:18:44.347 : (GU1) Пользователя с идентификатором "0" нету в базе данных
12:18:44.348 : (FDesks5) Взятие пользователя по строке "пункт4|0" безуспешно завершено. Проверьте информацию в файле "mzePI7wT.desk" в строке "13" и файле "C:\Users\USER\source\repos\TaskManager\data\Data.xlsx"
12:18:44.350 : (GU1) Пользователя с идентификатором "0" нету в базе данных
12:18:44.351 : (FDesks5) Взятие пользователя по строке "пункт1|0" безуспешно завершено. Проверьте информацию в файле "mzePI7wT.desk" в строке "17" и файле "C:\Users\USER\source\repos\TaskManager\data\Data.xlsx"
12:18:44.353 : (GU1) Пользователя с идентификатором "0" нету в базе данных
12:18:44.355 : (FDesks5) Взятие пользователя по строке "пункт2|0" безуспешно завершено. Проверьте информацию в файле "mzePI7wT.desk" в строке "18" и файле "C:\Users\USER\source\repos\TaskManager\data\Data.xlsx"
12:18:44.356 : (GU1) Пользователя с идентификатором "1" нету в базе данных
12:18:44.357 : (FDesks5) Взятие пользователя по строке "пункт3|1" безуспешно завершено. Проверьте информацию в файле "mzePI7wT.desk" в строке "19" и файле "C:\Users\USER\source\repos\TaskManager\data\Data.xlsx"
12:18:44.359 : (GU1) Пользователя с идентификатором "0" нету в базе данных
12:18:44.360 : (FDesks5) Взятие пользователя по строке "пункт4|0" безуспешно завершено. Проверьте информацию в файле "mzePI7wT.desk" в строке "20" и файле "C:\Users\USER\source\repos\TaskManager\data\Data.xlsx"
12:18:44.368 : (FDesks13) Проблема с данными расписания или ошибка FillDesks()
12:18:44.369 : (LError1) Возникла проблемы при обработке информации, проверьте лог "2023-06-22.log"
12:18:44.658 : 0.   задача 1
12:18:44.671 : 1.   задача 2
12:18:44.685 : 2.   задача 1

-------------------- НОВЫЙ ЗАПУСК 12:18:45.260 --------------------
12:18:45.260 : (GU1) Пользователя с идентификатором "0" нету в базе данных
12:18:45.263 : (FDesks5) Взятие пользователя по строке "пункт1|0" безуспешно завершено. Проверьте информацию в файле "mzePI7wT.desk" в строке "3" и файле "C:\Users\USER\source\repos\TaskManager\data\Data.xlsx"
12:18:45.265 : (GU1) Пользователя с идентификатором "0" нету в базе данных
12:18:45.266 : (FDesks5) Взятие пользователя по строке "пункт2|0" безуспешно завершено. Проверьте информацию в файле "mzePI7wT.desk" в строке "4" и файле "C:\Users\USER\source\repos\TaskManager\data\Data.xlsx"
12:18:45.267 : (GU1) Пользователя с идентификатором "0" нету в базе данных
12:18:45.268 : (FDesks5) Взятие пользователя по строке "пункт4|0" безуспешно завершено. Проверьте информацию в файле "mzePI7wT.desk" в строке "5" и файле "C:\Users\USER\source\repos\TaskManager\data\Data.xlsx"
12:18:45.269 : (GU1) Пользователя с идентификатором "0" нету в базе данных
12:18:45.270 : (FDesks5) Взятие пользователя по строке "пункт3|0" безуспешно завершено. Проверьте информацию в файле "mzePI7wT.desk" в строке "6" и файле "C:\Users\USER\source\repos\TaskManager\data\Data.xlsx"
12:18:45.271 : (GU1) Пользователя с идентификатором "0" нету в базе данных
12:18:45.272 : (FDesks5) Взятие пользователя по строке "пункт1|0" безуспешно завершено. Проверьте информацию в файле "mzePI7wT.desk" в строке "10" и файле "C:\Users\USER\source\repos\TaskManager\data\Data.xlsx"
12:18:45.273 : (GU1) Пользователя с идентификатором "0" нету в базе данных
12:18:45.274 : (FDesks5) Взятие пользователя по строке "пункт2|0" безуспешно завершено. Проверьте информацию в файле "mzePI7wT.desk" в строке "11" и файле "C:\Users\USER\source\repos\TaskManager\data\Data.xlsx"
12:18:45.275 : (GU1) Пользователя с идентификатором "1" нету в базе данных
12:18:45.275 : (FDesks5) Взятие пользователя по строке "пункт3|1" безуспешно завершено. Проверьте информацию в файле "mzePI7wT.desk" в строке "12" и файле "C:\Users\USER\source\repos\TaskManager\data\Data.xlsx"
12:18:45.276 : (GU1) Пользователя с идентификатором "0" нету в базе данных
12:18:45.277 : (FDesks5) Взятие пользователя по строке "пункт4|0" безуспешно завершено. Проверьте информацию в файле "mzePI7wT.desk" в строке "13" и файле "C:\Users\USER\source\repos\TaskManager\data\Data.xlsx"
12:18:45.278 : (GU1) Пользователя с идентификатором "0" нету в базе данных
12:18:45.279 : (FDesks5) Взятие пользователя по строке "пункт1|0" безуспешно завершено. Проверьте информацию в файле "mzePI7wT.desk" в строке "17" и файле "C:\Users\USER\source\repos\TaskManager\data\Data.xlsx"
12:18:45.280 : (GU1) Пользователя с идентификатором "0" нету в базе данных
12:18:45.281 : (FDesks5) Взятие пользователя по строке "пункт2|0" безуспешно завершено. Проверьте информацию в файле "mzePI7wT.desk" в строке "18" и файле "C:\Users\USER\source\repos\TaskManager\data\Data.xlsx"
12:18:45.282 : (GU1) Пользователя с идентификатором "1" нету в базе данных
12:18:45.283 : (FDesks5) Взятие пользователя по строке "пункт3|1" безуспешно завершено. Проверьте информацию в файле "mzePI7wT.desk" в строке "19" и файле "C:\Users\USER\source\repos\TaskManager\data\Data.xlsx"
12:18:45.315 : (GU1) Пользователя с идентификатором "0" нету в базе данных
12:18:45.317 : (FDesks5) Взятие пользователя по строке "пункт4|0" безуспешно завершено. Проверьте информацию в файле "mzePI7wT.desk" в строке "20" и файле "C:\Users\USER\source\repos\TaskManager\data\Data.xlsx"
12:18:45.319 : (FDesks13) Проблема с данными расписания или ошибка FillDesks()
12:18:45.320 : (LError1) Возникла проблемы при обработке информации, проверьте лог "2023-06-22.log"
12:18:45.541 : 0.   задача 1
12:18:45.549 : 1.   задача 2
12:18:45.558 : 2.   задача 1

-------------------- НОВЫЙ ЗАПУСК 12:21:40.690 --------------------
12:21:40.690 : Конец обработки информации. Имя программы: "Task Manager". Текущая версия программы: "v1.0.2250 alpha"
12:21:40.930 : 0.   задача 1
12:21:40.933 : 1.   задача 2
12:21:40.935 : 2.   задача 1

-------------------- НОВЫЙ ЗАПУСК 13:06:38.982 --------------------
13:06:38.982 : (GU1) Пользователя с идентификатором "0" нету в базе данных
13:06:38.984 : (FDesks5) Взятие пользователя по строке "пункт1|0" безуспешно завершено. Проверьте информацию в файле "mzePI7wT.desk" в строке "3" и файле "C:\Users\USER\source\repos\TaskManager\data\Data.xlsx"
13:06:38.985 : (GU1) Пользователя с идентификатором "0" нету в базе данных
13:06:38.985 : (FDesks5) Взятие пользователя по строке "пункт2|0" безуспешно завершено. Проверьте информацию в файле "mzePI7wT.desk" в строке "4" и файле "C:\Users\USER\source\repos\TaskManager\data\Data.xlsx"
13:06:38.986 : (GU1) Пользователя с идентификатором "0" нету в базе данных
13:06:38.987 : (FDesks5) Взятие пользователя по строке "пункт4|0" безуспешно завершено. Проверьте информацию в файле "mzePI7wT.desk" в строке "5" и файле "C:\Users\USER\source\repos\TaskManager\data\Data.xlsx"
13:06:38.987 : (GU1) Пользователя с идентификатором "0" нету в базе данных
13:06:38.988 : (FDesks5) Взятие пользователя по строке "пункт3|0" безуспешно завершено. Проверьте информацию в файле "mzePI7wT.desk" в строке "6" и файле "C:\Users\USER\source\repos\TaskManager\data\Data.xlsx"
13:06:38.988 : (GU1) Пользователя с идентификатором "0" нету в базе данных
13:06:38.989 : (FDesks5) Взятие пользователя по строке "пункт1|0" безуспешно завершено. Проверьте информацию в файле "mzePI7wT.desk" в строке "10" и файле "C:\Users\USER\source\repos\TaskManager\data\Data.xlsx"
13:06:38.990 : (GU1) Пользователя с идентификатором "0" нету в базе данных
13:06:38.990 : (FDesks5) Взятие пользователя по строке "пункт2|0" безуспешно завершено. Проверьте информацию в файле "mzePI7wT.desk" в строке "11" и файле "C:\Users\USER\source\repos\TaskManager\data\Data.xlsx"
13:06:38.991 : (GU1) Пользователя с идентификатором "1" нету в базе данных
13:06:38.992 : (FDesks5) Взятие пользователя по строке "пункт3|1" безуспешно завершено. Проверьте информацию в файле "mzePI7wT.desk" в строке "12" и файле "C:\Users\USER\source\repos\TaskManager\data\Data.xlsx"
13:06:38.992 : (GU1) Пользователя с идентификатором "0" нету в базе данных
13:06:38.993 : (FDesks5) Взятие пользователя по строке "пункт4|0" безуспешно завершено. Проверьте информацию в файле "mzePI7wT.desk" в строке "13" и файле "C:\Users\USER\source\repos\TaskManager\data\Data.xlsx"
13:06:38.994 : (GU1) Пользователя с идентификатором "0" нету в базе данных
13:06:38.994 : (FDesks5) Взятие пользователя по строке "пункт1|0" безуспешно завершено. Проверьте информацию в файле "mzePI7wT.desk" в строке "17" и файле "C:\Users\USER\source\repos\TaskManager\data\Data.xlsx"
13:06:38.995 : (GU1) Пользователя с идентификатором "0" нету в базе данных
13:06:38.995 : (FDesks5) Взятие пользователя по строке "пункт2|0" безуспешно завершено. Проверьте информацию в файле "mzePI7wT.desk" в строке "18" и файле "C:\Users\USER\source\repos\TaskManager\data\Data.xlsx"
13:06:38.998 : (GU1) Пользователя с идентификатором "1" нету в базе данных
13:06:38.999 : (FDesks5) Взятие пользователя по строке "пункт3|1" безуспешно завершено. Проверьте информацию в файле "mzePI7wT.desk" в строке "19" и файле "C:\Users\USER\source\repos\TaskManager\data\Data.xlsx"
13:06:39.000 : (GU1) Пользователя с идентификатором "0" нету в базе данных
13:06:39.000 : (FDesks5) Взятие пользователя по строке "пункт4|0" безуспешно завершено. Проверьте информацию в файле "mzePI7wT.desk" в строке "20" и файле "C:\Users\USER\source\repos\TaskManager\data\Data.xlsx"
13:06:39.001 : (FDesks13) Проблема с данными расписания или ошибка FillDesks()
13:06:39.002 : (LError1) Возникла проблемы при обработке информации, проверьте лог "2023-06-22.log"
13:06:39.148 : 0.   задача 1
13:06:39.152 : 1.   задача 2
13:06:39.158 : 2.   задача 1
13:06:39.165 : 0.   пункт1
13:06:39.170 : 1.   пункт2
13:06:39.175 : 2.   пункт4
13:06:39.180 : 3.   пункт3
13:06:39.186 : 0.   пункт1
13:06:39.191 : 1.   пункт2
13:06:39.196 : 2.   пункт3
13:06:39.203 : 3.   пункт4
13:06:39.208 : 0.   пункт1
13:06:39.213 : 1.   пункт2
13:06:39.218 : 2.   пункт3
13:06:39.224 : 3.   пункт4

-------------------- НОВЫЙ ЗАПУСК 13:20:17.472 --------------------
13:20:17.472 : (GU1) Пользователя с идентификатором "0" нету в базе данных
13:20:17.475 : (FDesks5) Взятие пользователя по строке "пункт1|0" безуспешно завершено. Проверьте информацию в файле "mzePI7wT.desk" в строке "3" и файле "C:\Users\USER\source\repos\TaskManager\data\Data.xlsx"
13:20:17.476 : (GU1) Пользователя с идентификатором "0" нету в базе данных
13:20:17.477 : (FDesks5) Взятие пользователя по строке "пункт2|0" безуспешно завершено. Проверьте информацию в файле "mzePI7wT.desk" в строке "4" и файле "C:\Users\USER\source\repos\TaskManager\data\Data.xlsx"
13:20:17.477 : (GU1) Пользователя с идентификатором "0" нету в базе данных
13:20:17.478 : (FDesks5) Взятие пользователя по строке "пункт4|0" безуспешно завершено. Проверьте информацию в файле "mzePI7wT.desk" в строке "5" и файле "C:\Users\USER\source\repos\TaskManager\data\Data.xlsx"
13:20:17.479 : (GU1) Пользователя с идентификатором "0" нету в базе данных
13:20:17.479 : (FDesks5) Взятие пользователя по строке "пункт3|0" безуспешно завершено. Проверьте информацию в файле "mzePI7wT.desk" в строке "6" и файле "C:\Users\USER\source\repos\TaskManager\data\Data.xlsx"
13:20:17.480 : (GU1) Пользователя с идентификатором "0" нету в базе данных
13:20:17.481 : (FDesks5) Взятие пользователя по строке "пункт1|0" безуспешно завершено. Проверьте информацию в файле "mzePI7wT.desk" в строке "10" и файле "C:\Users\USER\source\repos\TaskManager\data\Data.xlsx"
13:20:17.481 : (GU1) Пользователя с идентификатором "0" нету в базе данных
13:20:17.482 : (FDesks5) Взятие пользователя по строке "пункт2|0" безуспешно завершено. Проверьте информацию в файле "mzePI7wT.desk" в строке "11" и файле "C:\Users\USER\source\repos\TaskManager\data\Data.xlsx"
13:20:17.483 : (GU1) Пользователя с идентификатором "1" нету в базе данных
13:20:17.483 : (FDesks5) Взятие пользователя по строке "пункт3|1" безуспешно завершено. Проверьте информацию в файле "mzePI7wT.desk" в строке "12" и файле "C:\Users\USER\source\repos\TaskManager\data\Data.xlsx"
13:20:17.484 : (GU1) Пользователя с идентификатором "0" нету в базе данных
13:20:17.485 : (FDesks5) Взятие пользователя по строке "пункт4|0" безуспешно завершено. Проверьте информацию в файле "mzePI7wT.desk" в строке "13" и файле "C:\Users\USER\source\repos\TaskManager\data\Data.xlsx"
13:20:17.485 : (GU1) Пользователя с идентификатором "0" нету в базе данных
13:20:17.486 : (FDesks5) Взятие пользователя по строке "пункт1|0" безуспешно завершено. Проверьте информацию в файле "mzePI7wT.desk" в строке "17" и файле "C:\Users\USER\source\repos\TaskManager\data\Data.xlsx"
13:20:17.488 : (GU1) Пользователя с идентификатором "0" нету в базе данных
13:20:17.489 : (FDesks5) Взятие пользователя по строке "пункт2|0" безуспешно завершено. Проверьте информацию в файле "mzePI7wT.desk" в строке "18" и файле "C:\Users\USER\source\repos\TaskManager\data\Data.xlsx"
13:20:17.490 : (GU1) Пользователя с идентификатором "1" нету в базе данных
13:20:17.491 : (FDesks5) Взятие пользователя по строке "пункт3|1" безуспешно завершено. Проверьте информацию в файле "mzePI7wT.desk" в строке "19" и файле "C:\Users\USER\source\repos\TaskManager\data\Data.xlsx"
13:20:17.491 : (GU1) Пользователя с идентификатором "0" нету в базе данных
13:20:17.492 : (FDesks5) Взятие пользователя по строке "пункт4|0" безуспешно завершено. Проверьте информацию в файле "mzePI7wT.desk" в строке "20" и файле "C:\Users\USER\source\repos\TaskManager\data\Data.xlsx"
13:20:17.493 : (FDesks13) Проблема с данными расписания или ошибка FillDesks()
13:20:17.493 : (LError1) Возникла проблемы при обработке информации, проверьте лог "2023-06-22.log"
13:20:17.643 : 0.   задача 1
13:20:17.649 : 1.   задача 2
13:20:17.654 : 2.   задача 1
13:20:17.661 : 0.   пункт1
13:20:17.666 : 1.   пункт2
13:20:17.671 : 2.   пункт4
13:20:17.676 : 3.   пункт3
13:20:17.682 : 0.   пункт1
13:20:17.687 : 1.   пункт2
13:20:17.692 : 2.   пункт3
13:20:17.697 : 3.   пункт4
13:20:17.705 : 0.   пункт1
13:20:17.710 : 1.   пункт2
13:20:17.715 : 2.   пункт3
13:20:17.721 : 3.   пункт4

-------------------- НОВЫЙ ЗАПУСК 13:27:40.179 --------------------
13:27:40.179 : (GU1) Пользователя с идентификатором "0" нету в базе данных
13:27:40.181 : (FDesks5) Взятие пользователя по строке "пункт1|0" безуспешно завершено. Проверьте информацию в файле "mzePI7wT.desk" в строке "3" и файле "C:\Users\USER\source\repos\TaskManager\data\Data.xlsx"
13:27:40.182 : (GU1) Пользователя с идентификатором "0" нету в базе данных
13:27:40.182 : (FDesks5) Взятие пользователя по строке "пункт2|0" безуспешно завершено. Проверьте информацию в файле "mzePI7wT.desk" в строке "4" и файле "C:\Users\USER\source\repos\TaskManager\data\Data.xlsx"
13:27:40.183 : (GU1) Пользователя с идентификатором "0" нету в базе данных
13:27:40.184 : (FDesks5) Взятие пользователя по строке "пункт4|0" безуспешно завершено. Проверьте информацию в файле "mzePI7wT.desk" в строке "5" и файле "C:\Users\USER\source\repos\TaskManager\data\Data.xlsx"
13:27:40.184 : (GU1) Пользователя с идентификатором "0" нету в базе данных
13:27:40.185 : (FDesks5) Взятие пользователя по строке "пункт3|0" безуспешно завершено. Проверьте информацию в файле "mzePI7wT.desk" в строке "6" и файле "C:\Users\USER\source\repos\TaskManager\data\Data.xlsx"
13:27:40.186 : (GU1) Пользователя с идентификатором "0" нету в базе данных
13:27:40.186 : (FDesks5) Взятие пользователя по строке "пункт1|0" безуспешно завершено. Проверьте информацию в файле "mzePI7wT.desk" в строке "10" и файле "C:\Users\USER\source\repos\TaskManager\data\Data.xlsx"
13:27:40.187 : (GU1) Пользователя с идентификатором "0" нету в базе данных
13:27:40.188 : (FDesks5) Взятие пользователя по строке "пункт2|0" безуспешно завершено. Проверьте информацию в файле "mzePI7wT.desk" в строке "11" и файле "C:\Users\USER\source\repos\TaskManager\data\Data.xlsx"
13:27:40.188 : (GU1) Пользователя с идентификатором "1" нету в базе данных
13:27:40.189 : (FDesks5) Взятие пользователя по строке "пункт3|1" безуспешно завершено. Проверьте информацию в файле "mzePI7wT.desk" в строке "12" и файле "C:\Users\USER\source\repos\TaskManager\data\Data.xlsx"
13:27:40.190 : (GU1) Пользователя с идентификатором "0" нету в базе данных
13:27:40.191 : (FDesks5) Взятие пользователя по строке "пункт4|0" безуспешно завершено. Проверьте информацию в файле "mzePI7wT.desk" в строке "13" и файле "C:\Users\USER\source\repos\TaskManager\data\Data.xlsx"
13:27:40.191 : (GU1) Пользователя с идентификатором "0" нету в базе данных
13:27:40.194 : (FDesks5) Взятие пользователя по строке "пункт1|0" безуспешно завершено. Проверьте информацию в файле "mzePI7wT.desk" в строке "17" и файле "C:\Users\USER\source\repos\TaskManager\data\Data.xlsx"
13:27:40.195 : (GU1) Пользователя с идентификатором "0" нету в базе данных
13:27:40.196 : (FDesks5) Взятие пользователя по строке "пункт2|0" безуспешно завершено. Проверьте информацию в файле "mzePI7wT.desk" в строке "18" и файле "C:\Users\USER\source\repos\TaskManager\data\Data.xlsx"
13:27:40.196 : (GU1) Пользователя с идентификатором "1" нету в базе данных
13:27:40.197 : (FDesks5) Взятие пользователя по строке "пункт3|1" безуспешно завершено. Проверьте информацию в файле "mzePI7wT.desk" в строке "19" и файле "C:\Users\USER\source\repos\TaskManager\data\Data.xlsx"
13:27:40.197 : (GU1) Пользователя с идентификатором "0" нету в базе данных
13:27:40.198 : (FDesks5) Взятие пользователя по строке "пункт4|0" безуспешно завершено. Проверьте информацию в файле "mzePI7wT.desk" в строке "20" и файле "C:\Users\USER\source\repos\TaskManager\data\Data.xlsx"
13:27:40.199 : (FDesks13) Проблема с данными расписания или ошибка FillDesks()
13:27:40.199 : (LError1) Возникла проблемы при обработке информации, проверьте лог "2023-06-22.log"
13:27:40.339 : 0.   задача 1
13:27:40.345 : 1.   задача 2
13:27:40.351 : 2.   задача 1
13:27:40.359 : 0.   пункт1
13:27:40.365 : 1.   пункт2
13:27:40.370 : 2.   пункт4
13:27:40.375 : 3.   пункт3
13:27:40.383 : 0.   пункт1
13:27:40.390 : 1.   пункт2
13:27:40.396 : 2.   пункт3
13:27:40.402 : 3.   пункт4
13:27:40.408 : 0.   пункт1
13:27:40.414 : 1.   пункт2
13:27:40.420 : 2.   пункт3
13:27:40.426 : 3.   пункт4
