-------------------- НОВЫЙ ЗАПУСК 20:57:44.208 --------------------
20:57:44.208 : (GU1) Пользователя с идентификатором "0" нету в базе данных
20:57:44.210 : (FDesks5) Взятие пользователя по строке "пункт1|0" безуспешно завершено. Проверьте информацию в файле "mzePI7wT.desk" в строке "3" и файле "C:\Users\USER\Source\Repos\TaskManager\data\Data.xlsx"
20:57:44.211 : (GU1) Пользователя с идентификатором "0" нету в базе данных
20:57:44.212 : (FDesks5) Взятие пользователя по строке "пункт2|0" безуспешно завершено. Проверьте информацию в файле "mzePI7wT.desk" в строке "4" и файле "C:\Users\USER\Source\Repos\TaskManager\data\Data.xlsx"
20:57:44.212 : (GU1) Пользователя с идентификатором "0" нету в базе данных
20:57:44.213 : (FDesks5) Взятие пользователя по строке "пункт4|0" безуспешно завершено. Проверьте информацию в файле "mzePI7wT.desk" в строке "5" и файле "C:\Users\USER\Source\Repos\TaskManager\data\Data.xlsx"
20:57:44.213 : (GU1) Пользователя с идентификатором "0" нету в базе данных
20:57:44.214 : (FDesks5) Взятие пользователя по строке "пункт3|0" безуспешно завершено. Проверьте информацию в файле "mzePI7wT.desk" в строке "6" и файле "C:\Users\USER\Source\Repos\TaskManager\data\Data.xlsx"
20:57:44.214 : (GU1) Пользователя с идентификатором "0" нету в базе данных
20:57:44.214 : (FDesks5) Взятие пользователя по строке "пункт1|0" безуспешно завершено. Проверьте информацию в файле "mzePI7wT.desk" в строке "10" и файле "C:\Users\USER\Source\Repos\TaskManager\data\Data.xlsx"
20:57:44.215 : (GU1) Пользователя с идентификатором "0" нету в базе данных
20:57:44.215 : (FDesks5) Взятие пользователя по строке "пункт2|0" безуспешно завершено. Проверьте информацию в файле "mzePI7wT.desk" в строке "11" и файле "C:\Users\USER\Source\Repos\TaskManager\data\Data.xlsx"
20:57:44.216 : (GU1) Пользователя с идентификатором "1" нету в базе данных
20:57:44.216 : (FDesks5) Взятие пользователя по строке "пункт3|1" безуспешно завершено. Проверьте информацию в файле "mzePI7wT.desk" в строке "12" и файле "C:\Users\USER\Source\Repos\TaskManager\data\Data.xlsx"
20:57:44.217 : (GU1) Пользователя с идентификатором "0" нету в базе данных
20:57:44.218 : (FDesks5) Взятие пользователя по строке "пункт4|0" безуспешно завершено. Проверьте информацию в файле "mzePI7wT.desk" в строке "13" и файле "C:\Users\USER\Source\Repos\TaskManager\data\Data.xlsx"
20:57:44.218 : (GU1) Пользователя с идентификатором "0" нету в базе данных
20:57:44.219 : (FDesks5) Взятие пользователя по строке "пункт1|0" безуспешно завершено. Проверьте информацию в файле "mzePI7wT.desk" в строке "17" и файле "C:\Users\USER\Source\Repos\TaskManager\data\Data.xlsx"
20:57:44.219 : (GU1) Пользователя с идентификатором "0" нету в базе данных
20:57:44.219 : (FDesks5) Взятие пользователя по строке "пункт2|0" безуспешно завершено. Проверьте информацию в файле "mzePI7wT.desk" в строке "18" и файле "C:\Users\USER\Source\Repos\TaskManager\data\Data.xlsx"
20:57:44.220 : (GU1) Пользователя с идентификатором "1" нету в базе данных
20:57:44.220 : (FDesks5) Взятие пользователя по строке "пункт3|1" безуспешно завершено. Проверьте информацию в файле "mzePI7wT.desk" в строке "19" и файле "C:\Users\USER\Source\Repos\TaskManager\data\Data.xlsx"
20:57:44.221 : (GU1) Пользователя с идентификатором "0" нету в базе данных
20:57:44.221 : (FDesks5) Взятие пользователя по строке "пункт4|0" безуспешно завершено. Проверьте информацию в файле "mzePI7wT.desk" в строке "20" и файле "C:\Users\USER\Source\Repos\TaskManager\data\Data.xlsx"
20:57:44.222 : (FDesks13) Проблема с данными расписания или ошибка FillDesks()
20:57:44.223 : (LError1) Возникла проблемы при обработке информации, проверьте лог "2023-06-20.log"

-------------------- НОВЫЙ ЗАПУСК 22:58:40.014 --------------------
22:58:40.014 : (GU1) Пользователя с идентификатором "J90d                                                              2" нету в базе данных
22:58:40.016 : (FDesks5) Взятие пользователя по строке "0|J90d                                                              2" безуспешно завершено. Проверьте информацию в файле "m9OPI7wT.desk" в строке "2" и файле "C:\Users\USER\source\repos\TaskManager\data\Data.xlsx"
22:58:40.016 : (GU1) Пользователя с идентификатором "Madf                                                              2" нету в базе данных
22:58:40.017 : (FDesks5) Взятие пользователя по строке "1|Madf                                                              2" безуспешно завершено. Проверьте информацию в файле "m9OPI7wT.desk" в строке "3" и файле "C:\Users\USER\source\repos\TaskManager\data\Data.xlsx"
22:58:40.017 : (GU1) Пользователя с идентификатором "wUkN                                                              2" нету в базе данных
22:58:40.018 : (FDesks5) Взятие пользователя по строке "2|wUkN                                                              2" безуспешно завершено. Проверьте информацию в файле "m9OPI7wT.desk" в строке "4" и файле "C:\Users\USER\source\repos\TaskManager\data\Data.xlsx"
22:58:40.018 : (GU1) Пользователя с идентификатором "J90d                                                              2" нету в базе данных
22:58:40.019 : (FDesks5) Взятие пользователя по строке "0|J90d                                                              2" безуспешно завершено. Проверьте информацию в файле "m9OPI7wT.desk" в строке "13" и файле "C:\Users\USER\source\repos\TaskManager\data\Data.xlsx"
22:58:40.019 : (FDesks11) Неверный формат данных в файле "m9OPI7wT.desk" в строке "30"
22:58:40.020 : (FDesks11) Неверный формат данных в файле "m9OPI7wT.desk" в строке "31"
22:58:40.020 : (FDesks11) Неверный формат данных в файле "m9OPI7wT.desk" в строке "33"
22:58:40.021 : (FDesks11) Неверный формат данных в файле "m9OPI7wT.desk" в строке "36"
22:58:40.021 : (GU1) Пользователя с идентификатором " id записавшегося" нету в базе данных
22:58:40.021 : (FDesks5) Взятие пользователя по строке "номер записавшегося на | id записавшегося" безуспешно завершено. Проверьте информацию в файле "m9OPI7wT.desk" в строке "37" и файле "C:\Users\USER\source\repos\TaskManager\data\Data.xlsx"
22:58:40.022 : (FDesks11) Неверный формат данных в файле "m9OPI7wT.desk" в строке "39"
22:58:40.023 : (Fdesks3) Целостность строки "40" файла "m9OPI7wT.desk" нарушена, желательно перепроверить
22:58:40.023 : (GU1) Пользователя с идентификатором " сделана(1)/несделана(0)" нету в базе данных
22:58:40.024 : (FDesks5) Взятие пользователя по строке "имя задачи | сделана(1)/несделана(0)" безуспешно завершено. Проверьте информацию в файле "m9OPI7wT.desk" в строке "43" и файле "C:\Users\USER\source\repos\TaskManager\data\Data.xlsx"
22:58:40.024 : (GU1) Пользователя с идентификатором "0" нету в базе данных
22:58:40.025 : (FDesks5) Взятие пользователя по строке "пункт1|0" безуспешно завершено. Проверьте информацию в файле "mzePI7wT.desk" в строке "3" и файле "C:\Users\USER\source\repos\TaskManager\data\Data.xlsx"
22:58:40.025 : (GU1) Пользователя с идентификатором "0" нету в базе данных
22:58:40.026 : (FDesks5) Взятие пользователя по строке "пункт2|0" безуспешно завершено. Проверьте информацию в файле "mzePI7wT.desk" в строке "4" и файле "C:\Users\USER\source\repos\TaskManager\data\Data.xlsx"
22:58:40.026 : (GU1) Пользователя с идентификатором "0" нету в базе данных
22:58:40.027 : (FDesks5) Взятие пользователя по строке "пункт4|0" безуспешно завершено. Проверьте информацию в файле "mzePI7wT.desk" в строке "5" и файле "C:\Users\USER\source\repos\TaskManager\data\Data.xlsx"
22:58:40.027 : (GU1) Пользователя с идентификатором "0" нету в базе данных
22:58:40.028 : (FDesks5) Взятие пользователя по строке "пункт3|0" безуспешно завершено. Проверьте информацию в файле "mzePI7wT.desk" в строке "6" и файле "C:\Users\USER\source\repos\TaskManager\data\Data.xlsx"
22:58:40.028 : (GU1) Пользователя с идентификатором "0" нету в базе данных
22:58:40.029 : (FDesks5) Взятие пользователя по строке "пункт1|0" безуспешно завершено. Проверьте информацию в файле "mzePI7wT.desk" в строке "10" и файле "C:\Users\USER\source\repos\TaskManager\data\Data.xlsx"
22:58:40.030 : (GU1) Пользователя с идентификатором "0" нету в базе данных
22:58:40.030 : (FDesks5) Взятие пользователя по строке "пункт2|0" безуспешно завершено. Проверьте информацию в файле "mzePI7wT.desk" в строке "11" и файле "C:\Users\USER\source\repos\TaskManager\data\Data.xlsx"
22:58:40.034 : (GU1) Пользователя с идентификатором "1" нету в базе данных
22:58:40.034 : (FDesks5) Взятие пользователя по строке "пункт3|1" безуспешно завершено. Проверьте информацию в файле "mzePI7wT.desk" в строке "12" и файле "C:\Users\USER\source\repos\TaskManager\data\Data.xlsx"
22:58:40.035 : (GU1) Пользователя с идентификатором "0" нету в базе данных
22:58:40.036 : (FDesks5) Взятие пользователя по строке "пункт4|0" безуспешно завершено. Проверьте информацию в файле "mzePI7wT.desk" в строке "13" и файле "C:\Users\USER\source\repos\TaskManager\data\Data.xlsx"
22:58:40.036 : (GU1) Пользователя с идентификатором "0" нету в базе данных
22:58:40.037 : (FDesks5) Взятие пользователя по строке "пункт1|0" безуспешно завершено. Проверьте информацию в файле "mzePI7wT.desk" в строке "17" и файле "C:\Users\USER\source\repos\TaskManager\data\Data.xlsx"
22:58:40.037 : (GU1) Пользователя с идентификатором "0" нету в базе данных
22:58:40.038 : (FDesks5) Взятие пользователя по строке "пункт2|0" безуспешно завершено. Проверьте информацию в файле "mzePI7wT.desk" в строке "18" и файле "C:\Users\USER\source\repos\TaskManager\data\Data.xlsx"
22:58:40.038 : (GU1) Пользователя с идентификатором "1" нету в базе данных
22:58:40.039 : (FDesks5) Взятие пользователя по строке "пункт3|1" безуспешно завершено. Проверьте информацию в файле "mzePI7wT.desk" в строке "19" и файле "C:\Users\USER\source\repos\TaskManager\data\Data.xlsx"
22:58:40.039 : (GU1) Пользователя с идентификатором "0" нету в базе данных
22:58:40.040 : (FDesks5) Взятие пользователя по строке "пункт4|0" безуспешно завершено. Проверьте информацию в файле "mzePI7wT.desk" в строке "20" и файле "C:\Users\USER\source\repos\TaskManager\data\Data.xlsx"
22:58:40.041 : (FDesks13) Проблема с данными расписания или ошибка FillDesks()
22:58:40.041 : (LError1) Возникла проблемы при обработке информации, проверьте лог "2023-06-20.log"

-------------------- НОВЫЙ ЗАПУСК 22:59:13.357 --------------------
22:59:13.357 : (GU1) Пользователя с идентификатором "J90d                                                              2" нету в базе данных
22:59:13.359 : (FDesks5) Взятие пользователя по строке "0|J90d                                                              2" безуспешно завершено. Проверьте информацию в файле "m9OPI7wT.desk" в строке "2" и файле "C:\Users\USER\source\repos\TaskManager\data\Data.xlsx"
22:59:13.359 : (GU1) Пользователя с идентификатором "Madf                                                              2" нету в базе данных
22:59:13.360 : (FDesks5) Взятие пользователя по строке "1|Madf                                                              2" безуспешно завершено. Проверьте информацию в файле "m9OPI7wT.desk" в строке "3" и файле "C:\Users\USER\source\repos\TaskManager\data\Data.xlsx"
22:59:13.360 : (GU1) Пользователя с идентификатором "wUkN                                                              2" нету в базе данных
22:59:13.361 : (FDesks5) Взятие пользователя по строке "2|wUkN                                                              2" безуспешно завершено. Проверьте информацию в файле "m9OPI7wT.desk" в строке "4" и файле "C:\Users\USER\source\repos\TaskManager\data\Data.xlsx"
22:59:13.362 : (GU1) Пользователя с идентификатором "J90d                                                              2" нету в базе данных
22:59:13.362 : (FDesks5) Взятие пользователя по строке "0|J90d                                                              2" безуспешно завершено. Проверьте информацию в файле "m9OPI7wT.desk" в строке "13" и файле "C:\Users\USER\source\repos\TaskManager\data\Data.xlsx"
22:59:13.363 : (FDesks11) Неверный формат данных в файле "m9OPI7wT.desk" в строке "30"
22:59:13.364 : (FDesks11) Неверный формат данных в файле "m9OPI7wT.desk" в строке "31"
22:59:13.364 : (FDesks11) Неверный формат данных в файле "m9OPI7wT.desk" в строке "33"
22:59:13.365 : (FDesks11) Неверный формат данных в файле "m9OPI7wT.desk" в строке "36"
22:59:13.365 : (GU1) Пользователя с идентификатором " id записавшегося" нету в базе данных
22:59:13.365 : (FDesks5) Взятие пользователя по строке "номер записавшегося на | id записавшегося" безуспешно завершено. Проверьте информацию в файле "m9OPI7wT.desk" в строке "37" и файле "C:\Users\USER\source\repos\TaskManager\data\Data.xlsx"
22:59:13.366 : (FDesks11) Неверный формат данных в файле "m9OPI7wT.desk" в строке "39"
22:59:13.366 : (Fdesks3) Целостность строки "40" файла "m9OPI7wT.desk" нарушена, желательно перепроверить
22:59:13.367 : (GU1) Пользователя с идентификатором " сделана(1)/несделана(0)" нету в базе данных
22:59:13.367 : (FDesks5) Взятие пользователя по строке "имя задачи | сделана(1)/несделана(0)" безуспешно завершено. Проверьте информацию в файле "m9OPI7wT.desk" в строке "43" и файле "C:\Users\USER\source\repos\TaskManager\data\Data.xlsx"
22:59:13.368 : (GU1) Пользователя с идентификатором "0" нету в базе данных
22:59:13.369 : (FDesks5) Взятие пользователя по строке "пункт1|0" безуспешно завершено. Проверьте информацию в файле "mzePI7wT.desk" в строке "3" и файле "C:\Users\USER\source\repos\TaskManager\data\Data.xlsx"
22:59:13.369 : (GU1) Пользователя с идентификатором "0" нету в базе данных
22:59:13.370 : (FDesks5) Взятие пользователя по строке "пункт2|0" безуспешно завершено. Проверьте информацию в файле "mzePI7wT.desk" в строке "4" и файле "C:\Users\USER\source\repos\TaskManager\data\Data.xlsx"
22:59:13.370 : (GU1) Пользователя с идентификатором "0" нету в базе данных
22:59:13.371 : (FDesks5) Взятие пользователя по строке "пункт4|0" безуспешно завершено. Проверьте информацию в файле "mzePI7wT.desk" в строке "5" и файле "C:\Users\USER\source\repos\TaskManager\data\Data.xlsx"
22:59:13.372 : (GU1) Пользователя с идентификатором "0" нету в базе данных
22:59:13.375 : (FDesks5) Взятие пользователя по строке "пункт3|0" безуспешно завершено. Проверьте информацию в файле "mzePI7wT.desk" в строке "6" и файле "C:\Users\USER\source\repos\TaskManager\data\Data.xlsx"
22:59:13.375 : (GU1) Пользователя с идентификатором "0" нету в базе данных
22:59:13.376 : (FDesks5) Взятие пользователя по строке "пункт1|0" безуспешно завершено. Проверьте информацию в файле "mzePI7wT.desk" в строке "10" и файле "C:\Users\USER\source\repos\TaskManager\data\Data.xlsx"
22:59:13.377 : (GU1) Пользователя с идентификатором "0" нету в базе данных
22:59:13.377 : (FDesks5) Взятие пользователя по строке "пункт2|0" безуспешно завершено. Проверьте информацию в файле "mzePI7wT.desk" в строке "11" и файле "C:\Users\USER\source\repos\TaskManager\data\Data.xlsx"
22:59:13.378 : (GU1) Пользователя с идентификатором "1" нету в базе данных
22:59:13.378 : (FDesks5) Взятие пользователя по строке "пункт3|1" безуспешно завершено. Проверьте информацию в файле "mzePI7wT.desk" в строке "12" и файле "C:\Users\USER\source\repos\TaskManager\data\Data.xlsx"
22:59:13.379 : (GU1) Пользователя с идентификатором "0" нету в базе данных
22:59:13.379 : (FDesks5) Взятие пользователя по строке "пункт4|0" безуспешно завершено. Проверьте информацию в файле "mzePI7wT.desk" в строке "13" и файле "C:\Users\USER\source\repos\TaskManager\data\Data.xlsx"
22:59:13.380 : (GU1) Пользователя с идентификатором "0" нету в базе данных
22:59:13.380 : (FDesks5) Взятие пользователя по строке "пункт1|0" безуспешно завершено. Проверьте информацию в файле "mzePI7wT.desk" в строке "17" и файле "C:\Users\USER\source\repos\TaskManager\data\Data.xlsx"
22:59:13.381 : (GU1) Пользователя с идентификатором "0" нету в базе данных
22:59:13.381 : (FDesks5) Взятие пользователя по строке "пункт2|0" безуспешно завершено. Проверьте информацию в файле "mzePI7wT.desk" в строке "18" и файле "C:\Users\USER\source\repos\TaskManager\data\Data.xlsx"
22:59:13.382 : (GU1) Пользователя с идентификатором "1" нету в базе данных
22:59:13.383 : (FDesks5) Взятие пользователя по строке "пункт3|1" безуспешно завершено. Проверьте информацию в файле "mzePI7wT.desk" в строке "19" и файле "C:\Users\USER\source\repos\TaskManager\data\Data.xlsx"
22:59:13.383 : (GU1) Пользователя с идентификатором "0" нету в базе данных
22:59:13.384 : (FDesks5) Взятие пользователя по строке "пункт4|0" безуспешно завершено. Проверьте информацию в файле "mzePI7wT.desk" в строке "20" и файле "C:\Users\USER\source\repos\TaskManager\data\Data.xlsx"
22:59:13.385 : (FDesks13) Проблема с данными расписания или ошибка FillDesks()
22:59:13.386 : (LError1) Возникла проблемы при обработке информации, проверьте лог "2023-06-20.log"

-------------------- НОВЫЙ ЗАПУСК 23:00:18.966 --------------------
23:00:18.966 : (GU1) Пользователя с идентификатором "0" нету в базе данных
23:00:18.968 : (FDesks5) Взятие пользователя по строке "пункт1|0" безуспешно завершено. Проверьте информацию в файле "mzePI7wT.desk" в строке "3" и файле "C:\Users\USER\source\repos\TaskManager\data\Data.xlsx"
23:00:18.969 : (GU1) Пользователя с идентификатором "0" нету в базе данных
23:00:18.970 : (FDesks5) Взятие пользователя по строке "пункт2|0" безуспешно завершено. Проверьте информацию в файле "mzePI7wT.desk" в строке "4" и файле "C:\Users\USER\source\repos\TaskManager\data\Data.xlsx"
23:00:18.971 : (GU1) Пользователя с идентификатором "0" нету в базе данных
23:00:18.971 : (FDesks5) Взятие пользователя по строке "пункт4|0" безуспешно завершено. Проверьте информацию в файле "mzePI7wT.desk" в строке "5" и файле "C:\Users\USER\source\repos\TaskManager\data\Data.xlsx"
23:00:18.972 : (GU1) Пользователя с идентификатором "0" нету в базе данных
23:00:18.973 : (FDesks5) Взятие пользователя по строке "пункт3|0" безуспешно завершено. Проверьте информацию в файле "mzePI7wT.desk" в строке "6" и файле "C:\Users\USER\source\repos\TaskManager\data\Data.xlsx"
23:00:18.973 : (GU1) Пользователя с идентификатором "0" нету в базе данных
23:00:18.974 : (FDesks5) Взятие пользователя по строке "пункт1|0" безуспешно завершено. Проверьте информацию в файле "mzePI7wT.desk" в строке "10" и файле "C:\Users\USER\source\repos\TaskManager\data\Data.xlsx"
23:00:18.974 : (GU1) Пользователя с идентификатором "0" нету в базе данных
23:00:18.975 : (FDesks5) Взятие пользователя по строке "пункт2|0" безуспешно завершено. Проверьте информацию в файле "mzePI7wT.desk" в строке "11" и файле "C:\Users\USER\source\repos\TaskManager\data\Data.xlsx"
23:00:18.975 : (GU1) Пользователя с идентификатором "1" нету в базе данных
23:00:18.976 : (FDesks5) Взятие пользователя по строке "пункт3|1" безуспешно завершено. Проверьте информацию в файле "mzePI7wT.desk" в строке "12" и файле "C:\Users\USER\source\repos\TaskManager\data\Data.xlsx"
23:00:18.976 : (GU1) Пользователя с идентификатором "0" нету в базе данных
23:00:18.977 : (FDesks5) Взятие пользователя по строке "пункт4|0" безуспешно завершено. Проверьте информацию в файле "mzePI7wT.desk" в строке "13" и файле "C:\Users\USER\source\repos\TaskManager\data\Data.xlsx"
23:00:18.978 : (GU1) Пользователя с идентификатором "0" нету в базе данных
23:00:18.978 : (FDesks5) Взятие пользователя по строке "пункт1|0" безуспешно завершено. Проверьте информацию в файле "mzePI7wT.desk" в строке "17" и файле "C:\Users\USER\source\repos\TaskManager\data\Data.xlsx"
23:00:18.979 : (GU1) Пользователя с идентификатором "0" нету в базе данных
23:00:18.979 : (FDesks5) Взятие пользователя по строке "пункт2|0" безуспешно завершено. Проверьте информацию в файле "mzePI7wT.desk" в строке "18" и файле "C:\Users\USER\source\repos\TaskManager\data\Data.xlsx"
23:00:18.980 : (GU1) Пользователя с идентификатором "1" нету в базе данных
23:00:18.981 : (FDesks5) Взятие пользователя по строке "пункт3|1" безуспешно завершено. Проверьте информацию в файле "mzePI7wT.desk" в строке "19" и файле "C:\Users\USER\source\repos\TaskManager\data\Data.xlsx"
23:00:18.981 : (GU1) Пользователя с идентификатором "0" нету в базе данных
23:00:18.984 : (FDesks5) Взятие пользователя по строке "пункт4|0" безуспешно завершено. Проверьте информацию в файле "mzePI7wT.desk" в строке "20" и файле "C:\Users\USER\source\repos\TaskManager\data\Data.xlsx"
23:00:18.985 : (FDesks13) Проблема с данными расписания или ошибка FillDesks()
23:00:18.986 : (LError1) Возникла проблемы при обработке информации, проверьте лог "2023-06-20.log"

-------------------- НОВЫЙ ЗАПУСК 23:00:27.301 --------------------
23:00:27.301 : (GU1) Пользователя с идентификатором "0" нету в базе данных
23:00:27.302 : (FDesks5) Взятие пользователя по строке "пункт1|0" безуспешно завершено. Проверьте информацию в файле "mzePI7wT.desk" в строке "3" и файле "C:\Users\USER\source\repos\TaskManager\data\Data.xlsx"
23:00:27.303 : (GU1) Пользователя с идентификатором "0" нету в базе данных
23:00:27.303 : (FDesks5) Взятие пользователя по строке "пункт2|0" безуспешно завершено. Проверьте информацию в файле "mzePI7wT.desk" в строке "4" и файле "C:\Users\USER\source\repos\TaskManager\data\Data.xlsx"
23:00:27.304 : (GU1) Пользователя с идентификатором "0" нету в базе данных
23:00:27.305 : (FDesks5) Взятие пользователя по строке "пункт4|0" безуспешно завершено. Проверьте информацию в файле "mzePI7wT.desk" в строке "5" и файле "C:\Users\USER\source\repos\TaskManager\data\Data.xlsx"
23:00:27.305 : (GU1) Пользователя с идентификатором "0" нету в базе данных
23:00:27.306 : (FDesks5) Взятие пользователя по строке "пункт3|0" безуспешно завершено. Проверьте информацию в файле "mzePI7wT.desk" в строке "6" и файле "C:\Users\USER\source\repos\TaskManager\data\Data.xlsx"
23:00:27.306 : (GU1) Пользователя с идентификатором "0" нету в базе данных
23:00:27.307 : (FDesks5) Взятие пользователя по строке "пункт1|0" безуспешно завершено. Проверьте информацию в файле "mzePI7wT.desk" в строке "10" и файле "C:\Users\USER\source\repos\TaskManager\data\Data.xlsx"
23:00:27.307 : (GU1) Пользователя с идентификатором "0" нету в базе данных
23:00:27.308 : (FDesks5) Взятие пользователя по строке "пункт2|0" безуспешно завершено. Проверьте информацию в файле "mzePI7wT.desk" в строке "11" и файле "C:\Users\USER\source\repos\TaskManager\data\Data.xlsx"
23:00:27.308 : (GU1) Пользователя с идентификатором "1" нету в базе данных
23:00:27.309 : (FDesks5) Взятие пользователя по строке "пункт3|1" безуспешно завершено. Проверьте информацию в файле "mzePI7wT.desk" в строке "12" и файле "C:\Users\USER\source\repos\TaskManager\data\Data.xlsx"
23:00:27.310 : (GU1) Пользователя с идентификатором "0" нету в базе данных
23:00:27.310 : (FDesks5) Взятие пользователя по строке "пункт4|0" безуспешно завершено. Проверьте информацию в файле "mzePI7wT.desk" в строке "13" и файле "C:\Users\USER\source\repos\TaskManager\data\Data.xlsx"
23:00:27.311 : (GU1) Пользователя с идентификатором "0" нету в базе данных
23:00:27.311 : (FDesks5) Взятие пользователя по строке "пункт1|0" безуспешно завершено. Проверьте информацию в файле "mzePI7wT.desk" в строке "17" и файле "C:\Users\USER\source\repos\TaskManager\data\Data.xlsx"
23:00:27.312 : (GU1) Пользователя с идентификатором "0" нету в базе данных
23:00:27.312 : (FDesks5) Взятие пользователя по строке "пункт2|0" безуспешно завершено. Проверьте информацию в файле "mzePI7wT.desk" в строке "18" и файле "C:\Users\USER\source\repos\TaskManager\data\Data.xlsx"
23:00:27.313 : (GU1) Пользователя с идентификатором "1" нету в базе данных
23:00:27.315 : (FDesks5) Взятие пользователя по строке "пункт3|1" безуспешно завершено. Проверьте информацию в файле "mzePI7wT.desk" в строке "19" и файле "C:\Users\USER\source\repos\TaskManager\data\Data.xlsx"
23:00:27.316 : (GU1) Пользователя с идентификатором "0" нету в базе данных
23:00:27.317 : (FDesks5) Взятие пользователя по строке "пункт4|0" безуспешно завершено. Проверьте информацию в файле "mzePI7wT.desk" в строке "20" и файле "C:\Users\USER\source\repos\TaskManager\data\Data.xlsx"
23:00:27.318 : (FDesks13) Проблема с данными расписания или ошибка FillDesks()
23:00:27.318 : (LError1) Возникла проблемы при обработке информации, проверьте лог "2023-06-20.log"

-------------------- НОВЫЙ ЗАПУСК 23:29:42.517 --------------------
23:29:42.517 : (GU1) Пользователя с идентификатором "0" нету в базе данных
23:29:42.520 : (FDesks5) Взятие пользователя по строке "пункт1|0" безуспешно завершено. Проверьте информацию в файле "mzePI7wT.desk" в строке "3" и файле "C:\Users\USER\source\repos\TaskManager\data\Data.xlsx"
23:29:42.522 : (GU1) Пользователя с идентификатором "0" нету в базе данных
23:29:42.523 : (FDesks5) Взятие пользователя по строке "пункт2|0" безуспешно завершено. Проверьте информацию в файле "mzePI7wT.desk" в строке "4" и файле "C:\Users\USER\source\repos\TaskManager\data\Data.xlsx"
23:29:42.524 : (GU1) Пользователя с идентификатором "0" нету в базе данных
23:29:42.525 : (FDesks5) Взятие пользователя по строке "пункт4|0" безуспешно завершено. Проверьте информацию в файле "mzePI7wT.desk" в строке "5" и файле "C:\Users\USER\source\repos\TaskManager\data\Data.xlsx"
23:29:42.525 : (GU1) Пользователя с идентификатором "0" нету в базе данных
23:29:42.526 : (FDesks5) Взятие пользователя по строке "пункт3|0" безуспешно завершено. Проверьте информацию в файле "mzePI7wT.desk" в строке "6" и файле "C:\Users\USER\source\repos\TaskManager\data\Data.xlsx"
23:29:42.527 : (GU1) Пользователя с идентификатором "0" нету в базе данных
23:29:42.528 : (FDesks5) Взятие пользователя по строке "пункт1|0" безуспешно завершено. Проверьте информацию в файле "mzePI7wT.desk" в строке "10" и файле "C:\Users\USER\source\repos\TaskManager\data\Data.xlsx"
23:29:42.529 : (GU1) Пользователя с идентификатором "0" нету в базе данных
23:29:42.530 : (FDesks5) Взятие пользователя по строке "пункт2|0" безуспешно завершено. Проверьте информацию в файле "mzePI7wT.desk" в строке "11" и файле "C:\Users\USER\source\repos\TaskManager\data\Data.xlsx"
23:29:42.531 : (GU1) Пользователя с идентификатором "1" нету в базе данных
23:29:42.531 : (FDesks5) Взятие пользователя по строке "пункт3|1" безуспешно завершено. Проверьте информацию в файле "mzePI7wT.desk" в строке "12" и файле "C:\Users\USER\source\repos\TaskManager\data\Data.xlsx"
23:29:42.532 : (GU1) Пользователя с идентификатором "0" нету в базе данных
23:29:42.533 : (FDesks5) Взятие пользователя по строке "пункт4|0" безуспешно завершено. Проверьте информацию в файле "mzePI7wT.desk" в строке "13" и файле "C:\Users\USER\source\repos\TaskManager\data\Data.xlsx"
23:29:42.534 : (GU1) Пользователя с идентификатором "0" нету в базе данных
23:29:42.534 : (FDesks5) Взятие пользователя по строке "пункт1|0" безуспешно завершено. Проверьте информацию в файле "mzePI7wT.desk" в строке "17" и файле "C:\Users\USER\source\repos\TaskManager\data\Data.xlsx"
23:29:42.535 : (GU1) Пользователя с идентификатором "0" нету в базе данных
23:29:42.536 : (FDesks5) Взятие пользователя по строке "пункт2|0" безуспешно завершено. Проверьте информацию в файле "mzePI7wT.desk" в строке "18" и файле "C:\Users\USER\source\repos\TaskManager\data\Data.xlsx"
23:29:42.540 : (GU1) Пользователя с идентификатором "1" нету в базе данных
23:29:42.541 : (FDesks5) Взятие пользователя по строке "пункт3|1" безуспешно завершено. Проверьте информацию в файле "mzePI7wT.desk" в строке "19" и файле "C:\Users\USER\source\repos\TaskManager\data\Data.xlsx"
23:29:42.542 : (GU1) Пользователя с идентификатором "0" нету в базе данных
23:29:42.542 : (FDesks5) Взятие пользователя по строке "пункт4|0" безуспешно завершено. Проверьте информацию в файле "mzePI7wT.desk" в строке "20" и файле "C:\Users\USER\source\repos\TaskManager\data\Data.xlsx"
23:29:42.544 : (FDesks13) Проблема с данными расписания или ошибка FillDesks()
23:29:42.544 : (LError1) Возникла проблемы при обработке информации, проверьте лог "2023-06-20.log"

-------------------- НОВЫЙ ЗАПУСК 23:48:00.387 --------------------
23:48:00.387 : (GU1) Пользователя с идентификатором "0" нету в базе данных
23:48:00.389 : (FDesks5) Взятие пользователя по строке "пункт1|0" безуспешно завершено. Проверьте информацию в файле "mzePI7wT.desk" в строке "3" и файле "C:\Users\USER\source\repos\TaskManager\data\Data.xlsx"
23:48:00.390 : (GU1) Пользователя с идентификатором "0" нету в базе данных
23:48:00.391 : (FDesks5) Взятие пользователя по строке "пункт2|0" безуспешно завершено. Проверьте информацию в файле "mzePI7wT.desk" в строке "4" и файле "C:\Users\USER\source\repos\TaskManager\data\Data.xlsx"
23:48:00.392 : (GU1) Пользователя с идентификатором "0" нету в базе данных
23:48:00.392 : (FDesks5) Взятие пользователя по строке "пункт4|0" безуспешно завершено. Проверьте информацию в файле "mzePI7wT.desk" в строке "5" и файле "C:\Users\USER\source\repos\TaskManager\data\Data.xlsx"
23:48:00.393 : (GU1) Пользователя с идентификатором "0" нету в базе данных
23:48:00.394 : (FDesks5) Взятие пользователя по строке "пункт3|0" безуспешно завершено. Проверьте информацию в файле "mzePI7wT.desk" в строке "6" и файле "C:\Users\USER\source\repos\TaskManager\data\Data.xlsx"
23:48:00.394 : (GU1) Пользователя с идентификатором "0" нету в базе данных
23:48:00.395 : (FDesks5) Взятие пользователя по строке "пункт1|0" безуспешно завершено. Проверьте информацию в файле "mzePI7wT.desk" в строке "10" и файле "C:\Users\USER\source\repos\TaskManager\data\Data.xlsx"
23:48:00.396 : (GU1) Пользователя с идентификатором "0" нету в базе данных
23:48:00.397 : (FDesks5) Взятие пользователя по строке "пункт2|0" безуспешно завершено. Проверьте информацию в файле "mzePI7wT.desk" в строке "11" и файле "C:\Users\USER\source\repos\TaskManager\data\Data.xlsx"
23:48:00.397 : (GU1) Пользователя с идентификатором "1" нету в базе данных
23:48:00.398 : (FDesks5) Взятие пользователя по строке "пункт3|1" безуспешно завершено. Проверьте информацию в файле "mzePI7wT.desk" в строке "12" и файле "C:\Users\USER\source\repos\TaskManager\data\Data.xlsx"
23:48:00.399 : (GU1) Пользователя с идентификатором "0" нету в базе данных
23:48:00.399 : (FDesks5) Взятие пользователя по строке "пункт4|0" безуспешно завершено. Проверьте информацию в файле "mzePI7wT.desk" в строке "13" и файле "C:\Users\USER\source\repos\TaskManager\data\Data.xlsx"
23:48:00.400 : (GU1) Пользователя с идентификатором "0" нету в базе данных
23:48:00.401 : (FDesks5) Взятие пользователя по строке "пункт1|0" безуспешно завершено. Проверьте информацию в файле "mzePI7wT.desk" в строке "17" и файле "C:\Users\USER\source\repos\TaskManager\data\Data.xlsx"
23:48:00.404 : (GU1) Пользователя с идентификатором "0" нету в базе данных
23:48:00.405 : (FDesks5) Взятие пользователя по строке "пункт2|0" безуспешно завершено. Проверьте информацию в файле "mzePI7wT.desk" в строке "18" и файле "C:\Users\USER\source\repos\TaskManager\data\Data.xlsx"
23:48:00.405 : (GU1) Пользователя с идентификатором "1" нету в базе данных
23:48:00.406 : (FDesks5) Взятие пользователя по строке "пункт3|1" безуспешно завершено. Проверьте информацию в файле "mzePI7wT.desk" в строке "19" и файле "C:\Users\USER\source\repos\TaskManager\data\Data.xlsx"
23:48:00.406 : (GU1) Пользователя с идентификатором "0" нету в базе данных
23:48:00.407 : (FDesks5) Взятие пользователя по строке "пункт4|0" безуспешно завершено. Проверьте информацию в файле "mzePI7wT.desk" в строке "20" и файле "C:\Users\USER\source\repos\TaskManager\data\Data.xlsx"
23:48:00.407 : (FDesks13) Проблема с данными расписания или ошибка FillDesks()
23:48:00.408 : (LError1) Возникла проблемы при обработке информации, проверьте лог "2023-06-20.log"
