-------------------- НОВЫЙ ЗАПУСК 17:51:16.522 --------------------
17:51:16.522 : Конец обработки информации. Имя программы: "Task Manager". Текущая версия программы: "v0.5.1316 alpha"

-------------------- НОВЫЙ ЗАПУСК 17:51:45.490 --------------------
17:51:45.490 : Конец обработки информации. Имя программы: "Task Manager". Текущая версия программы: "v0.5.1316 alpha"

-------------------- НОВЫЙ ЗАПУСК 18:02:39.778 --------------------
18:02:39.778 : Конец обработки информации. Имя программы: "Task Manager". Текущая версия программы: "v0.5.1316 alpha"

-------------------- НОВЫЙ ЗАПУСК 18:08:55.621 --------------------
18:08:55.622 : Конец обработки информации. Имя программы: "Task Manager". Текущая версия программы: "v0.5.1316 alpha"

-------------------- НОВЫЙ ЗАПУСК 18:13:41.798 --------------------
18:13:41.799 : Конец обработки информации. Имя программы: "Task Manager". Текущая версия программы: "v0.5.1316 alpha"
18:15:12.772 : (AT1) Новый пункт карточки "eoa71BFthJHwA6iY" уже существует

-------------------- НОВЫЙ ЗАПУСК 18:31:30.223 --------------------
18:31:30.224 : Конец обработки информации. Имя программы: "Task Manager". Текущая версия программы: "v0.5.1316 alpha"

-------------------- НОВЫЙ ЗАПУСК 18:34:17.696 --------------------
18:34:17.696 : Конец обработки информации. Имя программы: "Task Manager". Текущая версия программы: "v0.5.1316 alpha"

-------------------- НОВЫЙ ЗАПУСК 18:38:23.381 --------------------
18:38:23.381 : Конец обработки информации. Имя программы: "Task Manager". Текущая версия программы: "v0.5.1316 alpha"

-------------------- НОВЫЙ ЗАПУСК 19:16:19.083 --------------------
19:16:19.083 : Конец обработки информации. Имя программы: "Task Manager". Текущая версия программы: "v0.5.1316 alpha"

-------------------- НОВЫЙ ЗАПУСК 19:16:44.193 --------------------
19:16:44.193 : Конец обработки информации. Имя программы: "Task Manager". Текущая версия программы: "v0.5.1316 alpha"

-------------------- НОВЫЙ ЗАПУСК 19:18:41.088 --------------------
19:18:41.089 : Конец обработки информации. Имя программы: "Task Manager". Текущая версия программы: "v0.5.1316 alpha"

-------------------- НОВЫЙ ЗАПУСК 19:19:47.208 --------------------
19:19:47.208 : Конец обработки информации. Имя программы: "Task Manager". Текущая версия программы: "v0.5.1316 alpha"

-------------------- НОВЫЙ ЗАПУСК 19:20:35.120 --------------------
19:20:35.121 : Конец обработки информации. Имя программы: "Task Manager". Текущая версия программы: "v0.5.1316 alpha"

-------------------- НОВЫЙ ЗАПУСК 19:22:15.469 --------------------
19:22:15.469 : Конец обработки информации. Имя программы: "Task Manager". Текущая версия программы: "v0.5.1316 alpha"

-------------------- НОВЫЙ ЗАПУСК 19:27:42.825 --------------------
19:27:42.825 : Конец обработки информации. Имя программы: "Task Manager". Текущая версия программы: "v0.5.1316 alpha"

-------------------- НОВЫЙ ЗАПУСК 19:31:45.749 --------------------
19:31:45.749 : Конец обработки информации. Имя программы: "Task Manager". Текущая версия программы: "v0.5.1316 alpha"

-------------------- НОВЫЙ ЗАПУСК 19:34:06.467 --------------------
19:34:06.467 : Конец обработки информации. Имя программы: "Task Manager". Текущая версия программы: "v0.5.1316 alpha"

-------------------- НОВЫЙ ЗАПУСК 19:35:22.050 --------------------
19:35:22.050 : Конец обработки информации. Имя программы: "Task Manager". Текущая версия программы: "v0.5.1316 alpha"

-------------------- НОВЫЙ ЗАПУСК 19:36:09.555 --------------------
19:36:09.555 : Конец обработки информации. Имя программы: "Task Manager". Текущая версия программы: "v0.5.1316 alpha"

-------------------- НОВЫЙ ЗАПУСК 19:37:12.880 --------------------
19:37:12.880 : Конец обработки информации. Имя программы: "Task Manager". Текущая версия программы: "v0.5.1316 alpha"

-------------------- НОВЫЙ ЗАПУСК 19:37:39.371 --------------------
19:37:39.371 : Конец обработки информации. Имя программы: "Task Manager". Текущая версия программы: "v0.5.1316 alpha"

-------------------- НОВЫЙ ЗАПУСК 19:40:21.291 --------------------
19:40:21.291 : Конец обработки информации. Имя программы: "Task Manager". Текущая версия программы: "v0.5.1316 alpha"

-------------------- НОВЫЙ ЗАПУСК 19:41:20.811 --------------------
19:41:20.811 : Конец обработки информации. Имя программы: "Task Manager". Текущая версия программы: "v0.5.1316 alpha"

-------------------- НОВЫЙ ЗАПУСК 19:43:34.049 --------------------
19:43:34.049 : Конец обработки информации. Имя программы: "Task Manager". Текущая версия программы: "v0.5.1316 alpha"

-------------------- НОВЫЙ ЗАПУСК 19:46:02.270 --------------------
19:46:02.270 : Конец обработки информации. Имя программы: "Task Manager". Текущая версия программы: "v0.5.1316 alpha"

-------------------- НОВЫЙ ЗАПУСК 20:10:17.475 --------------------
20:10:17.475 : Конец обработки информации. Имя программы: "Task Manager". Текущая версия программы: "v0.5.1316 alpha"
20:11:06.559 : (DT2) Возникла следующая ошибка: Синтаксическая ошибка в имени файла, имени папки или метке тома. : 'C:\Users\MadOS\Desktop\Programming\С#\проекты\TaskManager\**'

-------------------- НОВЫЙ ЗАПУСК 20:12:33.496 --------------------
20:12:33.496 : Конец обработки информации. Имя программы: "Task Manager". Текущая версия программы: "v0.5.1316 alpha"

-------------------- НОВЫЙ ЗАПУСК 20:13:18.515 --------------------
20:13:18.515 : Конец обработки информации. Имя программы: "Task Manager". Текущая версия программы: "v0.5.1316 alpha"

-------------------- НОВЫЙ ЗАПУСК 20:13:40.254 --------------------
20:13:40.254 : Конец обработки информации. Имя программы: "Task Manager". Текущая версия программы: "v0.5.1316 alpha"

-------------------- НОВЫЙ ЗАПУСК 20:15:44.029 --------------------
20:15:44.029 : Конец обработки информации. Имя программы: "Task Manager". Текущая версия программы: "v0.5.1316 alpha"

-------------------- НОВЫЙ ЗАПУСК 20:16:55.355 --------------------
20:16:55.355 : Конец обработки информации. Имя программы: "Task Manager". Текущая версия программы: "v0.5.1316 alpha"

-------------------- НОВЫЙ ЗАПУСК 20:18:31.080 --------------------
20:18:31.080 : Конец обработки информации. Имя программы: "Task Manager". Текущая версия программы: "v0.5.1316 alpha"

-------------------- НОВЫЙ ЗАПУСК 20:22:50.664 --------------------
20:22:50.664 : Конец обработки информации. Имя программы: "Task Manager". Текущая версия программы: "v0.5.1316 alpha"

-------------------- НОВЫЙ ЗАПУСК 21:15:39.046 --------------------
21:15:39.046 : Конец обработки информации. Имя программы: "Task Manager". Текущая версия программы: "v0.5.1316 alpha"

-------------------- НОВЫЙ ЗАПУСК 22:36:01.941 --------------------
22:36:01.941 : (FDesks1) Файл "...\desks\mzePI7wT.desk" пуст
22:36:01.945 : Конец обработки информации. Имя программы: "Task Manager". Текущая версия программы: "v0.5.1316 alpha"

-------------------- НОВЫЙ ЗАПУСК 22:37:06.025 --------------------
22:37:06.025 : (FDesks1) Файл "...\desks\mzePI7wT.desk" пуст
22:37:06.027 : Конец обработки информации. Имя программы: "Task Manager". Текущая версия программы: "v0.5.1316 alpha"
