-------------------- НОВЫЙ ЗАПУСК 12:02:11.889 --------------------
12:02:11.889 : Проблема с данными расписания или ошибка FillDesks()
12:02:11.890 : Возникла проблемы при обработке информации, проверьте лог "2023-05-30.log"

-------------------- НОВЫЙ ЗАПУСК 12:04:05.322 --------------------
12:04:05.322 : Проблема с данными расписания или ошибка FillDesks()
12:04:05.323 : Возникла проблемы при обработке информации, проверьте лог "2023-05-30.log"

-------------------- НОВЫЙ ЗАПУСК 12:08:53.862 --------------------
12:08:53.862 : Проблема с данными расписания или ошибка FillDesks()
12:08:53.892 : Возникла проблемы при обработке информации, проверьте лог "2023-05-30.log"

-------------------- НОВЫЙ ЗАПУСК 12:10:22.739 --------------------
12:10:22.739 : Проблема с данными расписания или ошибка FillDesks()
12:10:22.766 : Возникла проблемы при обработке информации, проверьте лог "2023-05-30.log"

-------------------- НОВЫЙ ЗАПУСК 12:11:13.834 --------------------
12:11:13.834 : Проблема с данными расписания или ошибка FillDesks()
12:11:13.835 : Возникла проблемы при обработке информации, проверьте лог "2023-05-30.log"

-------------------- НОВЫЙ ЗАПУСК 12:13:23.433 --------------------
12:13:23.433 : Проблема с данными расписания или ошибка FillDesks()
12:13:23.434 : Возникла проблемы при обработке информации, проверьте лог "2023-05-30.log"

-------------------- НОВЫЙ ЗАПУСК 12:13:53.794 --------------------
12:13:53.794 : Проблема с данными расписания или ошибка FillDesks()
12:13:53.795 : Возникла проблемы при обработке информации, проверьте лог "2023-05-30.log"

-------------------- НОВЫЙ ЗАПУСК 12:15:46.879 --------------------
12:15:46.879 : Проблема с данными расписания или ошибка FillDesks()
12:15:46.881 : Возникла проблемы при обработке информации, проверьте лог "2023-05-30.log"

-------------------- НОВЫЙ ЗАПУСК 14:32:27.204 --------------------
14:32:27.204 : Считывание строки номер "2" с пользователем проигнорирована, т.к. доска определена как приватная
14:32:27.206 : Считывание строки номер "3" с пользователем проигнорирована, т.к. доска определена как приватная
14:32:27.206 : Считывание строки номер "4" с пользователем проигнорирована, т.к. доска определена как приватная
14:32:27.207 : Считывание строки номер "12" с пользователем проигнорирована, т.к. доска определена как приватная
14:32:27.207 : Считывание строки номер "13" с пользователем проигнорирована, т.к. доска определена как приватная
14:32:27.207 : Считывание строки номер "21" с пользователем проигнорирована, т.к. доска определена как приватная
14:32:27.207 : Считывание строки номер "22" с пользователем проигнорирована, т.к. доска определена как приватная
14:32:27.208 : Проблема с данными расписания или ошибка FillDesks()
14:32:27.208 : Возникла проблемы при обработке информации, проверьте лог "2023-05-30.log"

-------------------- НОВЫЙ ЗАПУСК 14:33:55.007 --------------------
14:33:55.007 : Считывание строки номер "2" с пользователем проигнорирована, т.к. доска определена как приватная
14:33:55.009 : Считывание строки номер "3" с пользователем проигнорирована, т.к. доска определена как приватная
14:33:55.009 : Считывание строки номер "4" с пользователем проигнорирована, т.к. доска определена как приватная
14:33:55.010 : Считывание строки номер "12" с пользователем проигнорирована, т.к. доска определена как приватная
14:33:55.011 : Считывание строки номер "13" с пользователем проигнорирована, т.к. доска определена как приватная
14:33:55.011 : Считывание строки номер "21" с пользователем проигнорирована, т.к. доска определена как приватная
14:33:55.012 : Считывание строки номер "22" с пользователем проигнорирована, т.к. доска определена как приватная
14:33:55.012 : Конец обработки информации, начало работы программы. Имя программы: "Task Manager". Текущая версия программы: "v0.3.1557 alpha"

-------------------- НОВЫЙ ЗАПУСК 14:35:42.526 --------------------
14:35:42.527 : Считывание строки номер "2" с пользователем проигнорирована, т.к. доска определена как приватная
14:35:42.530 : Считывание строки номер "3" с пользователем проигнорирована, т.к. доска определена как приватная
14:35:42.530 : Считывание строки номер "4" с пользователем проигнорирована, т.к. доска определена как приватная
14:35:42.531 : Считывание строки номер "12" с пользователем проигнорирована, т.к. доска определена как приватная
14:35:42.531 : Считывание строки номер "13" с пользователем проигнорирована, т.к. доска определена как приватная
14:35:42.531 : Считывание строки номер "21" с пользователем проигнорирована, т.к. доска определена как приватная
14:35:42.532 : Считывание строки номер "22" с пользователем проигнорирована, т.к. доска определена как приватная
14:35:42.533 : Конец обработки информации, начало работы программы. Имя программы: "Task Manager". Текущая версия программы: "v0.3.1557 alpha"

-------------------- НОВЫЙ ЗАПУСК 14:37:21.787 --------------------
14:37:21.787 : Считывание строки номер "2" с пользователем проигнорирована, т.к. доска m9OPI7wT определена как приватная
14:37:21.790 : Считывание строки номер "3" с пользователем проигнорирована, т.к. доска m9OPI7wT определена как приватная
14:37:21.791 : Считывание строки номер "4" с пользователем проигнорирована, т.к. доска m9OPI7wT определена как приватная
14:37:21.792 : Считывание строки номер "12" с пользователем проигнорирована, т.к. доска m9OPI7wT определена как приватная
14:37:21.793 : Считывание строки номер "13" с пользователем проигнорирована, т.к. доска m9OPI7wT определена как приватная
14:37:21.793 : Считывание строки номер "21" с пользователем проигнорирована, т.к. доска m9OPI7wT определена как приватная
14:37:21.793 : Считывание строки номер "22" с пользователем проигнорирована, т.к. доска m9OPI7wT определена как приватная
14:37:21.793 : Конец обработки информации, начало работы программы. Имя программы: "Task Manager". Текущая версия программы: "v0.3.1557 alpha"

-------------------- НОВЫЙ ЗАПУСК 14:38:51.218 --------------------
14:38:51.218 : Считывание строки номер "2" с пользователем проигнорирована, т.к. доска m9OPI7wT определена как приватная
14:38:51.220 : Считывание строки номер "3" с пользователем проигнорирована, т.к. доска m9OPI7wT определена как приватная
14:38:51.220 : Считывание строки номер "4" с пользователем проигнорирована, т.к. доска m9OPI7wT определена как приватная
14:38:51.220 : Считывание строки номер "12" с пользователем проигнорирована, т.к. доска m9OPI7wT определена как приватная
14:38:51.220 : Считывание строки номер "13" с пользователем проигнорирована, т.к. доска m9OPI7wT определена как приватная
14:38:51.221 : Считывание строки номер "21" с пользователем проигнорирована, т.к. доска m9OPI7wT определена как приватная
14:38:51.221 : Считывание строки номер "22" с пользователем проигнорирована, т.к. доска m9OPI7wT определена как приватная
14:38:51.221 : Конец обработки информации, начало работы программы. Имя программы: "Task Manager". Текущая версия программы: "v0.3.1557 alpha"

-------------------- НОВЫЙ ЗАПУСК 17:28:19.118 --------------------
17:28:19.118 : Считывание строки номер "2" с пользователем проигнорирована, т.к. доска "m9OPI7wT" карточки "eoa71BFthJHwA6iY" определена как приватная
17:28:19.121 : Считывание строки номер "3" с пользователем проигнорирована, т.к. доска "m9OPI7wT" карточки "eoa71BFthJHwA6iY" определена как приватная
17:28:19.121 : Считывание строки номер "4" с пользователем проигнорирована, т.к. доска "m9OPI7wT" карточки "eoa71BFthJHwA6iY" определена как приватная
17:28:19.122 : Считывание строки номер "12" с пользователем проигнорирована, т.к. доска "m9OPI7wT" карточки "Yvr0oT3gRLGpAida" определена как приватная
17:28:19.122 : Считывание строки номер "13" с пользователем проигнорирована, т.к. доска "m9OPI7wT" карточки "Yvr0oT3gRLGpAida" определена как приватная
17:28:19.122 : Считывание строки номер "21" с пользователем проигнорирована, т.к. доска "m9OPI7wT" карточки "t0pNPU1AYWFdnMc2" определена как приватная
17:28:19.123 : Считывание строки номер "22" с пользователем проигнорирована, т.к. доска "m9OPI7wT" карточки "t0pNPU1AYWFdnMc2" определена как приватная
17:28:19.123 : Конец обработки информации, начало работы программы. Имя программы: "Task Manager". Текущая версия программы: "v0.3.1557 alpha"
