-------------------- НОВЫЙ ЗАПУСК 08:36:58.786 --------------------
08:36:58.786 : Конец обработки информации. Имя программы: "Task Manager". Текущая версия программы: "v1.1.2045 alpha"
08:36:59.193 : 0.   задача 2
08:36:59.211 : 1.   задача доп
08:36:59.213 : 2.   some void
08:36:59.214 : 3.   some card name
08:36:59.220 : X4eAwDgnowc
08:36:59.223 : задача 2 users: 2
08:36:59.225 : 0.   п1
08:36:59.227 : 1.   п2
08:36:59.229 : 2.   п3
08:36:59.243 : задача доп users: 2
08:36:59.245 : 0.   п11
08:36:59.247 : 1.   п12
08:36:59.249 : 2.   п13
08:36:59.250 : 3.   п14
08:36:59.252 : 4.   п15
08:36:59.306 : some void users: 2
08:36:59.308 : 0.   first
08:36:59.310 : 1.   second
08:36:59.322 : some card name users: 2
08:36:59.324 : 0.   lets lament
08:36:59.326 : 1.   get some rest
08:36:59.328 : 2.   touch the grass

-------------------- НОВЫЙ ЗАПУСК 08:37:13.280 --------------------
08:37:13.280 : Конец обработки информации. Имя программы: "Task Manager". Текущая версия программы: "v1.1.2045 alpha"
08:37:13.370 : 0.   задача 2
08:37:13.372 : 1.   задача доп
08:37:13.374 : 2.   some card name
08:37:13.378 : 2xiEDqOTHgN
08:37:13.381 : задача 2 users: 2
08:37:13.383 : 0.   п1
08:37:13.384 : 1.   п2
08:37:13.386 : 2.   п3
08:37:13.398 : задача доп users: 2
08:37:13.400 : 0.   п11
08:37:13.401 : 1.   п12
08:37:13.403 : 2.   п13
08:37:13.404 : 3.   п14
08:37:13.405 : 4.   п15
08:37:13.424 : some card name users: 2
08:37:13.427 : 0.   lets lament
08:37:13.429 : 1.   get some rest
08:37:13.430 : 2.   touch the grass

-------------------- НОВЫЙ ЗАПУСК 09:00:02.565 --------------------
09:00:02.565 : Конец обработки информации. Имя программы: "Task Manager". Текущая версия программы: "v1.1.2045 alpha"

-------------------- НОВЫЙ ЗАПУСК 09:01:29.803 --------------------
09:01:29.803 : Конец обработки информации. Имя программы: "Task Manager". Текущая версия программы: "v1.1.2045 alpha"

-------------------- НОВЫЙ ЗАПУСК 09:02:49.512 --------------------
09:02:49.512 : Конец обработки информации. Имя программы: "Task Manager". Текущая версия программы: "v1.1.2045 alpha"

-------------------- НОВЫЙ ЗАПУСК 09:04:06.473 --------------------
09:04:06.473 : Конец обработки информации. Имя программы: "Task Manager". Текущая версия программы: "v1.1.2045 alpha"

-------------------- НОВЫЙ ЗАПУСК 09:10:47.994 --------------------
09:10:47.994 : Конец обработки информации. Имя программы: "Task Manager". Текущая версия программы: "v1.1.2045 alpha"

-------------------- НОВЫЙ ЗАПУСК 09:11:00.271 --------------------
09:11:00.271 : Конец обработки информации. Имя программы: "Task Manager". Текущая версия программы: "v1.1.2045 alpha"

-------------------- НОВЫЙ ЗАПУСК 09:11:12.858 --------------------
09:11:12.858 : Конец обработки информации. Имя программы: "Task Manager". Текущая версия программы: "v1.1.2045 alpha"

-------------------- НОВЫЙ ЗАПУСК 09:12:39.836 --------------------
09:12:39.836 : Конец обработки информации. Имя программы: "Task Manager". Текущая версия программы: "v1.1.2045 alpha"
09:12:39.953 : 0.   задача 2
09:12:39.957 : 1.   задача доп
09:12:39.959 : 2.   some void
09:12:39.960 : 3.   some card name
09:12:39.976 : задача 2 users: 2
09:12:39.978 : 0.   п1
09:12:39.980 : 1.   п2
09:12:39.982 : 2.   п3
09:12:40.000 : задача доп users: 2
09:12:40.003 : 0.   п11
09:12:40.004 : 1.   п12
09:12:40.006 : 2.   п13
09:12:40.009 : 3.   п14
09:12:40.011 : 4.   п15
09:12:40.045 : some void users: 2
09:12:40.047 : 0.   first
09:12:40.049 : 1.   second
09:12:40.059 : some card name users: 2
09:12:40.061 : 0.   lets lament
09:12:40.064 : 1.   get some rest
09:12:40.066 : 2.   touch the grass

-------------------- НОВЫЙ ЗАПУСК 09:12:49.250 --------------------
09:12:49.250 : Конец обработки информации. Имя программы: "Task Manager". Текущая версия программы: "v1.1.2045 alpha"
09:12:49.328 : 0.   задача 2
09:12:49.330 : 1.   задача доп
09:12:49.331 : 2.   some void
09:12:49.344 : задача 2 users: 2
09:12:49.346 : 0.   п1
09:12:49.348 : 1.   п2
09:12:49.349 : 2.   п3
09:12:49.361 : задача доп users: 2
09:12:49.362 : 0.   п11
09:12:49.363 : 1.   п12
09:12:49.365 : 2.   п13
09:12:49.366 : 3.   п14
09:12:49.367 : 4.   п15
09:12:49.385 : some void users: 2
09:12:49.387 : 0.   first
09:12:49.388 : 1.   second

-------------------- НОВЫЙ ЗАПУСК 09:23:23.785 --------------------
09:23:23.786 : Конец обработки информации. Имя программы: "Task Manager". Текущая версия программы: "v1.1.2045 alpha"
09:23:23.889 : 0.   задача 2
09:23:23.895 : 1.   задача доп
09:23:23.898 : 2.   some void
09:23:23.901 : 3.   some card name
09:23:23.917 : задача 2 users: 2
09:23:23.919 : 0.   п1
09:23:23.921 : 1.   п2
09:23:23.924 : 2.   п3
09:23:23.933 : задача доп users: 2
09:23:23.935 : 0.   п11
09:23:23.936 : 1.   п12
09:23:23.937 : 2.   п13
09:23:23.938 : 3.   п14
09:23:23.940 : 4.   п15
09:23:23.963 : some void users: 2
09:23:23.965 : 0.   first
09:23:23.966 : 1.   second
09:23:23.977 : some card name users: 2
09:23:23.979 : 0.   lets lament
09:23:23.981 : 1.   get some rest
09:23:23.983 : 2.   touch the grass

-------------------- НОВЫЙ ЗАПУСК 09:23:33.106 --------------------
09:23:33.106 : Конец обработки информации. Имя программы: "Task Manager". Текущая версия программы: "v1.1.2045 alpha"
09:23:33.255 : 0.   задача 2
09:23:33.262 : 1.   задача доп
09:23:33.264 : 2.   some void
09:23:33.266 : 3.   some card name
09:23:33.284 : задача 2 users: 2
09:23:33.287 : 0.   п1
09:23:33.289 : 1.   п2
09:23:33.290 : 2.   п3
09:23:33.307 : задача доп users: 2
09:23:33.309 : 0.   п11
09:23:33.311 : 1.   п12
09:23:33.313 : 2.   п13
09:23:33.314 : 3.   п14
09:23:33.316 : 4.   п15
09:23:33.373 : some void users: 2
09:23:33.376 : 0.   first
09:23:33.378 : 1.   second
09:23:33.393 : some card name users: 2
09:23:33.395 : 0.   lets lament
09:23:33.397 : 1.   get some rest
09:23:33.398 : 2.   touch the grass

-------------------- НОВЫЙ ЗАПУСК 09:23:49.825 --------------------
09:23:49.825 : Конец обработки информации. Имя программы: "Task Manager". Текущая версия программы: "v1.1.2045 alpha"
09:23:49.931 : 0.   задача 2
09:23:49.936 : 1.   задача доп
09:23:49.939 : 2.   some void
09:23:49.941 : 3.   some card name
09:23:49.975 : задача 2 users: 2
09:23:49.978 : 0.   п1
09:23:49.980 : 1.   п2
09:23:49.981 : 2.   п3
09:23:49.997 : задача доп users: 2
09:23:49.999 : 0.   п11
09:23:50.001 : 1.   п12
09:23:50.003 : 2.   п13
09:23:50.005 : 3.   п14
09:23:50.007 : 4.   п15
09:23:50.040 : some void users: 2
09:23:50.043 : 0.   first
09:23:50.044 : 1.   second
09:23:50.058 : some card name users: 2
09:23:50.060 : 0.   lets lament
09:23:50.062 : 1.   get some rest
09:23:50.065 : 2.   touch the grass

-------------------- НОВЫЙ ЗАПУСК 09:24:36.384 --------------------
09:24:36.385 : Конец обработки информации. Имя программы: "Task Manager". Текущая версия программы: "v1.1.2045 alpha"
09:24:36.486 : 0.   задача 2
09:24:36.496 : 1.   задача доп
09:24:36.498 : 2.   some void
09:24:36.501 : 3.   some card name
09:24:36.521 : задача 2 users: 2
09:24:36.523 : 0.   п1
09:24:36.524 : 1.   п2
09:24:36.526 : 2.   п3
09:24:36.538 : задача доп users: 2
09:24:36.539 : 0.   п11
09:24:36.541 : 1.   п12
09:24:36.544 : 2.   п13
09:24:36.545 : 3.   п14
09:24:36.547 : 4.   п15
09:24:36.572 : some void users: 2
09:24:36.575 : 0.   first
09:24:36.577 : 1.   second
09:24:36.588 : some card name users: 2
09:24:36.589 : 0.   lets lament
09:24:36.591 : 1.   get some rest
09:24:36.593 : 2.   touch the grass

-------------------- НОВЫЙ ЗАПУСК 09:24:50.793 --------------------
09:24:50.793 : Конец обработки информации. Имя программы: "Task Manager". Текущая версия программы: "v1.1.2045 alpha"
09:24:50.898 : 0.   задача 2
09:24:50.905 : 1.   задача доп
09:24:50.907 : 2.   some void
09:24:50.909 : 3.   some card name
09:24:50.928 : задача 2 users: 2
09:24:50.930 : 0.   п1
09:24:50.933 : 1.   п2
09:24:50.935 : 2.   п3
09:24:50.950 : задача доп users: 2
09:24:50.952 : 0.   п11
09:24:50.954 : 1.   п12
09:24:50.956 : 2.   п13
09:24:50.958 : 3.   п14
09:24:50.960 : 4.   п15
09:24:50.995 : some void users: 2
09:24:50.998 : 0.   first
09:24:51.000 : 1.   second
09:24:51.015 : some card name users: 2
09:24:51.017 : 0.   lets lament
09:24:51.019 : 1.   get some rest
09:24:51.021 : 2.   touch the grass

-------------------- НОВЫЙ ЗАПУСК 09:25:01.575 --------------------
09:25:01.575 : Конец обработки информации. Имя программы: "Task Manager". Текущая версия программы: "v1.1.2045 alpha"
09:25:01.850 : 0.   задача 2
09:25:01.854 : 1.   задача доп
09:25:01.856 : 2.   some void
09:25:01.858 : 3.   some card name
09:25:01.879 : задача 2 users: 2
09:25:01.882 : 0.   п1
09:25:01.884 : 1.   п2
09:25:01.885 : 2.   п3
09:25:01.901 : задача доп users: 2
09:25:01.902 : 0.   п11
09:25:01.905 : 1.   п12
09:25:01.906 : 2.   п13
09:25:01.908 : 3.   п14
09:25:01.910 : 4.   п15
09:25:01.981 : some void users: 2
09:25:01.983 : 0.   first
09:25:01.985 : 1.   second
09:25:02.000 : some card name users: 2
09:25:02.002 : 0.   lets lament
09:25:02.004 : 1.   get some rest
09:25:02.006 : 2.   touch the grass

-------------------- НОВЫЙ ЗАПУСК 09:28:26.417 --------------------
09:28:26.418 : Конец обработки информации. Имя программы: "Task Manager". Текущая версия программы: "v1.1.2045 alpha"
09:28:26.585 : 0.   задача 2
09:28:26.594 : 1.   задача доп
09:28:26.597 : 2.   some void
09:28:26.599 : 3.   some card name
09:28:26.618 : задача 2 users: 2
09:28:26.621 : 0.   п1
09:28:26.623 : 1.   п2
09:28:26.625 : 2.   п3
09:28:26.643 : задача доп users: 2
09:28:26.645 : 0.   п11
09:28:26.646 : 1.   п12
09:28:26.649 : 2.   п13
09:28:26.651 : 3.   п14
09:28:26.653 : 4.   п15
09:28:26.681 : some void users: 2
09:28:26.684 : 0.   first
09:28:26.686 : 1.   second
09:28:26.707 : some card name users: 2
09:28:26.710 : 0.   lets lament
09:28:26.713 : 1.   get some rest
09:28:26.716 : 2.   touch the grass

-------------------- НОВЫЙ ЗАПУСК 09:28:40.951 --------------------
09:28:40.951 : Конец обработки информации. Имя программы: "Task Manager". Текущая версия программы: "v1.1.2045 alpha"
09:28:41.097 : 0.   задача 2
09:28:41.100 : 1.   задача доп
09:28:41.103 : 2.   some void
09:28:41.104 : 3.   some card name
09:28:41.124 : задача 2 users: 2
09:28:41.127 : 0.   п1
09:28:41.128 : 1.   п2
09:28:41.130 : 2.   п3
09:28:41.146 : задача доп users: 2
09:28:41.148 : 0.   п11
09:28:41.150 : 1.   п12
09:28:41.152 : 2.   п13
09:28:41.153 : 3.   п14
09:28:41.156 : 4.   п15
09:28:41.181 : some void users: 2
09:28:41.183 : 0.   first
09:28:41.185 : 1.   second
09:28:41.198 : some card name users: 2
09:28:41.200 : 0.   lets lament
09:28:41.203 : 1.   get some rest
09:28:41.205 : 2.   touch the grass

-------------------- НОВЫЙ ЗАПУСК 10:33:23.979 --------------------
10:33:23.979 : Конец обработки информации. Имя программы: "Task Manager". Текущая версия программы: "v1.1.2045 alpha"
10:33:24.171 : 0.   задача 2
10:33:24.176 : 1.   задача доп
10:33:24.179 : 2.   some void
10:33:24.181 : 3.   some card name
10:33:24.202 : задача 2 users: 2
10:33:24.205 : 0.   п1
10:33:24.208 : 1.   п2
10:33:24.210 : 2.   п3
10:33:24.226 : задача доп users: 2
10:33:24.229 : 0.   п11
10:33:24.231 : 1.   п12
10:33:24.233 : 2.   п13
10:33:24.235 : 3.   п14
10:33:24.237 : 4.   п15
10:33:24.274 : some void users: 2
10:33:24.277 : 0.   first
10:33:24.280 : 1.   second
10:33:24.293 : some card name users: 2
10:33:24.296 : 0.   lets lament
10:33:24.299 : 1.   get some rest
10:33:24.301 : 2.   touch the grass
10:34:10.672 : Yvr0oT3gRLGpAida|задача 2|TheEndIsNeverTheEndIsNeverTheEndIsNeverTheEndIsNeverTheEndIsNever|0
10:34:10.673 : Yvr0oT3gRLGpAida|12345676543|TheEndIsNeverTheEndIsNeverTheEndIsNeverTheEndIsNeverTheEndIsNever|0

-------------------- НОВЫЙ ЗАПУСК 10:34:45.213 --------------------
10:34:45.213 : Конец обработки информации. Имя программы: "Task Manager". Текущая версия программы: "v1.1.2045 alpha"
10:34:45.344 : 0.   задача доп
10:34:45.349 : 1.   some void
10:34:45.351 : 2.   some card name
10:34:45.375 : задача доп users: 0
10:34:45.382 : 0.   п11
10:34:45.384 : 1.   п12
10:34:45.390 : 2.   п13
10:34:45.393 : 3.   п14
10:34:45.396 : 4.   п15
10:34:45.439 : some void users: 0
10:34:45.442 : 0.   first
10:34:45.446 : 1.   second
10:34:45.466 : some card name users: 0
10:34:45.469 : 0.   lets lament
10:34:45.472 : 1.   get some rest
10:34:45.475 : 2.   touch the grass

-------------------- НОВЫЙ ЗАПУСК 10:35:09.715 --------------------
10:35:09.715 : Конец обработки информации. Имя программы: "Task Manager". Текущая версия программы: "v1.1.2045 alpha"
10:35:09.859 : 0.   задача доп
10:35:09.864 : 1.   some void
10:35:09.867 : 2.   some card name
10:35:09.870 : 3.   имя
10:35:09.889 : задача доп users: 0
10:35:09.893 : 0.   п11
10:35:09.897 : 1.   п12
10:35:09.899 : 2.   п13
10:35:09.901 : 3.   п14
10:35:09.904 : 4.   п15
10:35:09.936 : some void users: 0
10:35:09.940 : 0.   first
10:35:09.943 : 1.   second
10:35:09.957 : some card name users: 0
10:35:09.960 : 0.   lets lament
10:35:09.964 : 1.   get some rest
10:35:09.966 : 2.   touch the grass
10:35:09.983 : имя users: 0
