-------------------- НОВЫЙ ЗАПУСК 11:52:35.138 --------------------
11:52:35.139 : Конец обработки информации. Имя программы: "Task Manager". Текущая версия программы: "v0.4.1729 alpha"

-------------------- НОВЫЙ ЗАПУСК 11:54:46.783 --------------------
11:54:46.783 : Конец обработки информации. Имя программы: "Task Manager". Текущая версия программы: "v0.4.1729 alpha"

-------------------- НОВЫЙ ЗАПУСК 11:55:19.699 --------------------
11:55:19.699 : Конец обработки информации. Имя программы: "Task Manager". Текущая версия программы: "v0.4.1729 alpha"

-------------------- НОВЫЙ ЗАПУСК 11:57:26.047 --------------------
11:57:26.047 : Конец обработки информации. Имя программы: "Task Manager". Текущая версия программы: "v0.4.1729 alpha"

-------------------- НОВЫЙ ЗАПУСК 12:01:02.745 --------------------
12:01:02.745 : Конец обработки информации. Имя программы: "Task Manager". Текущая версия программы: "v0.4.1729 alpha"

-------------------- НОВЫЙ ЗАПУСК 12:03:47.710 --------------------
12:03:47.710 : Конец обработки информации. Имя программы: "Task Manager". Текущая версия программы: "v0.4.1729 alpha"

-------------------- НОВЫЙ ЗАПУСК 12:14:16.965 --------------------
12:14:16.965 : Конец обработки информации. Имя программы: "Task Manager". Текущая версия программы: "v0.4.1729 alpha"

-------------------- НОВЫЙ ЗАПУСК 12:16:48.342 --------------------
12:16:48.342 : (GU1) Пользователя с идентификатором "0" нету в базе данных
12:16:48.344 : (FDesks5) Взятие пользователя по строке "166ODxc8u4YJwBU|0" безуспешно завершено. Проверьте информацию в файле "m9OPI7wT.desk" в строке "21" и файле "C:\Users\MadOS\Desktop\Programming\С#\проекты\TaskManager\data\Data.xlsx"
12:16:48.345 : (GU1) Пользователя с идентификатором "0" нету в базе данных
12:16:48.345 : (FDesks5) Взятие пользователя по строке "пункт1|0" безуспешно завершено. Проверьте информацию в файле "m9OPI7wT.desk" в строке "22" и файле "C:\Users\MadOS\Desktop\Programming\С#\проекты\TaskManager\data\Data.xlsx"
12:16:48.345 : (GU1) Пользователя с идентификатором "0" нету в базе данных
12:16:48.345 : (FDesks5) Взятие пользователя по строке "пункт2|0" безуспешно завершено. Проверьте информацию в файле "m9OPI7wT.desk" в строке "23" и файле "C:\Users\MadOS\Desktop\Programming\С#\проекты\TaskManager\data\Data.xlsx"
12:16:48.345 : (GU1) Пользователя с идентификатором "1" нету в базе данных
12:16:48.346 : (FDesks5) Взятие пользователя по строке "пункт3|1" безуспешно завершено. Проверьте информацию в файле "m9OPI7wT.desk" в строке "24" и файле "C:\Users\MadOS\Desktop\Programming\С#\проекты\TaskManager\data\Data.xlsx"
12:16:48.346 : (GU1) Пользователя с идентификатором "0" нету в базе данных
12:16:48.346 : (FDesks5) Взятие пользователя по строке "пункт4|0" безуспешно завершено. Проверьте информацию в файле "m9OPI7wT.desk" в строке "25" и файле "C:\Users\MadOS\Desktop\Programming\С#\проекты\TaskManager\data\Data.xlsx"
12:16:48.346 : (GU1) Пользователя с идентификатором "0" нету в базе данных
12:16:48.346 : (FDesks5) Взятие пользователя по строке "166ODxc8u4YJwBU|0" безуспешно завершено. Проверьте информацию в файле "m9OPI7wT.desk" в строке "26" и файле "C:\Users\MadOS\Desktop\Programming\С#\проекты\TaskManager\data\Data.xlsx"

-------------------- НОВЫЙ ЗАПУСК 12:18:10.008 --------------------
12:18:10.009 : (GU1) Пользователя с идентификатором "0" нету в базе данных
12:18:10.010 : (FDesks5) Взятие пользователя по строке "166ODxc8u4YJwBU|0" безуспешно завершено. Проверьте информацию в файле "m9OPI7wT.desk" в строке "21" и файле "C:\Users\MadOS\Desktop\Programming\С#\проекты\TaskManager\data\Data.xlsx"
12:18:10.010 : (GU1) Пользователя с идентификатором "0" нету в базе данных
12:18:10.010 : (FDesks5) Взятие пользователя по строке "пункт1|0" безуспешно завершено. Проверьте информацию в файле "m9OPI7wT.desk" в строке "22" и файле "C:\Users\MadOS\Desktop\Programming\С#\проекты\TaskManager\data\Data.xlsx"
12:18:10.011 : (GU1) Пользователя с идентификатором "0" нету в базе данных
12:18:10.011 : (FDesks5) Взятие пользователя по строке "пункт2|0" безуспешно завершено. Проверьте информацию в файле "m9OPI7wT.desk" в строке "23" и файле "C:\Users\MadOS\Desktop\Programming\С#\проекты\TaskManager\data\Data.xlsx"
12:18:10.011 : (GU1) Пользователя с идентификатором "1" нету в базе данных
12:18:10.011 : (FDesks5) Взятие пользователя по строке "пункт3|1" безуспешно завершено. Проверьте информацию в файле "m9OPI7wT.desk" в строке "24" и файле "C:\Users\MadOS\Desktop\Programming\С#\проекты\TaskManager\data\Data.xlsx"
12:18:10.011 : (GU1) Пользователя с идентификатором "0" нету в базе данных
12:18:10.011 : (FDesks5) Взятие пользователя по строке "пункт4|0" безуспешно завершено. Проверьте информацию в файле "m9OPI7wT.desk" в строке "25" и файле "C:\Users\MadOS\Desktop\Programming\С#\проекты\TaskManager\data\Data.xlsx"
12:18:10.012 : (GU1) Пользователя с идентификатором "0" нету в базе данных
12:18:10.012 : (FDesks5) Взятие пользователя по строке "166ODxc8u4YJwBU|0" безуспешно завершено. Проверьте информацию в файле "m9OPI7wT.desk" в строке "26" и файле "C:\Users\MadOS\Desktop\Programming\С#\проекты\TaskManager\data\Data.xlsx"
12:18:10.012 : (FDesks13) Проблема с данными расписания или ошибка FillDesks()
12:18:10.012 : (LError1) Возникла проблемы при обработке информации, проверьте лог "2023-06-01.log"

-------------------- НОВЫЙ ЗАПУСК 12:21:34.722 --------------------
12:21:34.723 : Конец обработки информации. Имя программы: "Task Manager". Текущая версия программы: "v0.4.1729 alpha"

-------------------- НОВЫЙ ЗАПУСК 12:30:35.418 --------------------
12:30:35.419 : Конец обработки информации. Имя программы: "Task Manager". Текущая версия программы: "v0.4.1729 alpha"

-------------------- НОВЫЙ ЗАПУСК 12:31:13.837 --------------------
12:31:13.837 : Конец обработки информации. Имя программы: "Task Manager". Текущая версия программы: "v0.4.1729 alpha"

-------------------- НОВЫЙ ЗАПУСК 12:33:03.792 --------------------
12:33:03.792 : Конец обработки информации. Имя программы: "Task Manager". Текущая версия программы: "v0.4.1729 alpha"

-------------------- НОВЫЙ ЗАПУСК 12:34:10.076 --------------------
12:34:10.076 : Конец обработки информации. Имя программы: "Task Manager". Текущая версия программы: "v0.4.1729 alpha"

-------------------- НОВЫЙ ЗАПУСК 12:34:42.874 --------------------
12:34:42.874 : Конец обработки информации. Имя программы: "Task Manager". Текущая версия программы: "v0.4.1729 alpha"

-------------------- НОВЫЙ ЗАПУСК 12:37:09.032 --------------------
12:37:09.032 : Конец обработки информации. Имя программы: "Task Manager". Текущая версия программы: "v0.4.1729 alpha"

-------------------- НОВЫЙ ЗАПУСК 12:37:55.025 --------------------
12:37:55.025 : Конец обработки информации. Имя программы: "Task Manager". Текущая версия программы: "v0.4.1729 alpha"

-------------------- НОВЫЙ ЗАПУСК 12:38:51.608 --------------------
12:38:51.608 : Конец обработки информации. Имя программы: "Task Manager". Текущая версия программы: "v0.4.1729 alpha"
12:38:55.917 : (DC4) Строка для удаления "eoa71BFthJHwA6iY|задача 1|нужно что-то там сделать (зачемто)|0" не найдена

-------------------- НОВЫЙ ЗАПУСК 12:40:33.240 --------------------
12:40:33.240 : Конец обработки информации. Имя программы: "Task Manager". Текущая версия программы: "v0.4.1729 alpha"

-------------------- НОВЫЙ ЗАПУСК 12:41:11.879 --------------------
12:41:11.879 : Конец обработки информации. Имя программы: "Task Manager". Текущая версия программы: "v0.4.1729 alpha"

-------------------- НОВЫЙ ЗАПУСК 12:46:59.411 --------------------
12:46:59.411 : Конец обработки информации. Имя программы: "Task Manager". Текущая версия программы: "v0.4.1729 alpha"

-------------------- НОВЫЙ ЗАПУСК 12:47:19.080 --------------------
12:47:19.081 : Конец обработки информации. Имя программы: "Task Manager". Текущая версия программы: "v0.4.1729 alpha"

-------------------- НОВЫЙ ЗАПУСК 13:15:58.040 --------------------
13:15:58.040 : Конец обработки информации. Имя программы: "Task Manager". Текущая версия программы: "v0.4.1729 alpha"
