-------------------- НОВЫЙ ЗАПУСК 18:21:52.332 --------------------
18:21:52.332 : (FDesks5) Считывание строки номер "2" с пользователем проигнорирована, т.к. доска "m9OPI7wT" карточки "eoa71BFthJHwA6iY" определена как приватная
18:21:52.334 : (FDesks5) Считывание строки номер "3" с пользователем проигнорирована, т.к. доска "m9OPI7wT" карточки "eoa71BFthJHwA6iY" определена как приватная
18:21:52.334 : (FDesks5) Считывание строки номер "4" с пользователем проигнорирована, т.к. доска "m9OPI7wT" карточки "eoa71BFthJHwA6iY" определена как приватная
18:21:52.335 : (FDesks5) Считывание строки номер "12" с пользователем проигнорирована, т.к. доска "m9OPI7wT" карточки "Yvr0oT3gRLGpAida" определена как приватная
18:21:52.336 : (FDesks5) Считывание строки номер "13" с пользователем проигнорирована, т.к. доска "m9OPI7wT" карточки "Yvr0oT3gRLGpAida" определена как приватная
18:21:52.336 : (FDesks5) Считывание строки номер "21" с пользователем проигнорирована, т.к. доска "m9OPI7wT" карточки "t0pNPU1AYWFdnMc2" определена как приватная
18:21:52.336 : (FDesks5) Считывание строки номер "22" с пользователем проигнорирована, т.к. доска "m9OPI7wT" карточки "t0pNPU1AYWFdnMc2" определена как приватная
18:21:52.337 : Конец обработки информации, начало работы программы. Имя программы: "Task Manager". Текущая версия программы: "v0.4.1729 alpha"

-------------------- НОВЫЙ ЗАПУСК 18:23:10.779 --------------------
18:23:10.779 : (FDesks5) Считывание строки номер "2" с пользователем проигнорирована, т.к. доска "m9OPI7wT" карточки "eoa71BFthJHwA6iY" определена как приватная
18:23:10.780 : (FDesks5) Считывание строки номер "3" с пользователем проигнорирована, т.к. доска "m9OPI7wT" карточки "eoa71BFthJHwA6iY" определена как приватная
18:23:10.780 : (FDesks5) Считывание строки номер "4" с пользователем проигнорирована, т.к. доска "m9OPI7wT" карточки "eoa71BFthJHwA6iY" определена как приватная
18:23:10.781 : (FDesks5) Считывание строки номер "12" с пользователем проигнорирована, т.к. доска "m9OPI7wT" карточки "Yvr0oT3gRLGpAida" определена как приватная
18:23:10.781 : (FDesks5) Считывание строки номер "13" с пользователем проигнорирована, т.к. доска "m9OPI7wT" карточки "Yvr0oT3gRLGpAida" определена как приватная
18:23:10.781 : (FDesks5) Считывание строки номер "21" с пользователем проигнорирована, т.к. доска "m9OPI7wT" карточки "t0pNPU1AYWFdnMc2" определена как приватная
18:23:10.781 : (FDesks5) Считывание строки номер "22" с пользователем проигнорирована, т.к. доска "m9OPI7wT" карточки "t0pNPU1AYWFdnMc2" определена как приватная
18:23:10.782 : Конец обработки информации, начало работы программы. Имя программы: "Task Manager". Текущая версия программы: "v0.4.1729 alpha"

-------------------- НОВЫЙ ЗАПУСК 18:23:48.829 --------------------
18:23:48.829 : (FDesks5) Считывание строки номер "2" с пользователем проигнорирована, т.к. доска "m9OPI7wT" карточки "eoa71BFthJHwA6iY" определена как приватная
18:23:48.830 : (FDesks5) Считывание строки номер "3" с пользователем проигнорирована, т.к. доска "m9OPI7wT" карточки "eoa71BFthJHwA6iY" определена как приватная
18:23:48.831 : (FDesks5) Считывание строки номер "4" с пользователем проигнорирована, т.к. доска "m9OPI7wT" карточки "eoa71BFthJHwA6iY" определена как приватная
18:23:48.831 : (FDesks5) Считывание строки номер "12" с пользователем проигнорирована, т.к. доска "m9OPI7wT" карточки "Yvr0oT3gRLGpAida" определена как приватная
18:23:48.831 : (FDesks5) Считывание строки номер "13" с пользователем проигнорирована, т.к. доска "m9OPI7wT" карточки "Yvr0oT3gRLGpAida" определена как приватная
18:23:48.831 : (FDesks5) Считывание строки номер "21" с пользователем проигнорирована, т.к. доска "m9OPI7wT" карточки "t0pNPU1AYWFdnMc2" определена как приватная
18:23:48.831 : (FDesks5) Считывание строки номер "22" с пользователем проигнорирована, т.к. доска "m9OPI7wT" карточки "t0pNPU1AYWFdnMc2" определена как приватная
18:23:48.832 : Конец обработки информации, начало работы программы. Имя программы: "Task Manager". Текущая версия программы: "v0.4.1729 alpha"

-------------------- НОВЫЙ ЗАПУСК 18:25:33.279 --------------------
18:25:33.279 : (FDesks5) Считывание строки номер "2" с пользователем проигнорирована, т.к. доска "m9OPI7wT" карточки "eoa71BFthJHwA6iY" определена как приватная
18:25:33.281 : (FDesks5) Считывание строки номер "3" с пользователем проигнорирована, т.к. доска "m9OPI7wT" карточки "eoa71BFthJHwA6iY" определена как приватная
18:25:33.282 : (FDesks5) Считывание строки номер "4" с пользователем проигнорирована, т.к. доска "m9OPI7wT" карточки "eoa71BFthJHwA6iY" определена как приватная
18:25:33.282 : (FDesks5) Считывание строки номер "12" с пользователем проигнорирована, т.к. доска "m9OPI7wT" карточки "Yvr0oT3gRLGpAida" определена как приватная
18:25:33.282 : (FDesks5) Считывание строки номер "13" с пользователем проигнорирована, т.к. доска "m9OPI7wT" карточки "Yvr0oT3gRLGpAida" определена как приватная
18:25:33.283 : (FDesks5) Считывание строки номер "21" с пользователем проигнорирована, т.к. доска "m9OPI7wT" карточки "t0pNPU1AYWFdnMc2" определена как приватная
18:25:33.283 : (FDesks5) Считывание строки номер "22" с пользователем проигнорирована, т.к. доска "m9OPI7wT" карточки "t0pNPU1AYWFdnMc2" определена как приватная
18:25:33.283 : Конец обработки информации, начало работы программы. Имя программы: "Task Manager". Текущая версия программы: "v0.4.1729 alpha"

-------------------- НОВЫЙ ЗАПУСК 18:26:18.143 --------------------
18:26:18.143 : (FDesks5) Считывание строки номер "2" с пользователем проигнорирована, т.к. доска "m9OPI7wT" карточки "eoa71BFthJHwA6iY" определена как приватная
18:26:18.145 : (FDesks5) Считывание строки номер "3" с пользователем проигнорирована, т.к. доска "m9OPI7wT" карточки "eoa71BFthJHwA6iY" определена как приватная
18:26:18.145 : (FDesks5) Считывание строки номер "4" с пользователем проигнорирована, т.к. доска "m9OPI7wT" карточки "eoa71BFthJHwA6iY" определена как приватная
18:26:18.146 : (FDesks5) Считывание строки номер "12" с пользователем проигнорирована, т.к. доска "m9OPI7wT" карточки "Yvr0oT3gRLGpAida" определена как приватная
18:26:18.146 : (FDesks5) Считывание строки номер "13" с пользователем проигнорирована, т.к. доска "m9OPI7wT" карточки "Yvr0oT3gRLGpAida" определена как приватная
18:26:18.146 : (FDesks5) Считывание строки номер "21" с пользователем проигнорирована, т.к. доска "m9OPI7wT" карточки "t0pNPU1AYWFdnMc2" определена как приватная
18:26:18.146 : (FDesks5) Считывание строки номер "22" с пользователем проигнорирована, т.к. доска "m9OPI7wT" карточки "t0pNPU1AYWFdnMc2" определена как приватная
18:26:18.147 : Конец обработки информации, начало работы программы. Имя программы: "Task Manager". Текущая версия программы: "v0.4.1729 alpha"

-------------------- НОВЫЙ ЗАПУСК 18:26:47.284 --------------------
18:26:47.284 : (FDesks5) Считывание строки номер "2" с пользователем проигнорирована, т.к. доска "m9OPI7wT" карточки "eoa71BFthJHwA6iY" определена как приватная
18:26:47.286 : (FDesks5) Считывание строки номер "3" с пользователем проигнорирована, т.к. доска "m9OPI7wT" карточки "eoa71BFthJHwA6iY" определена как приватная
18:26:47.286 : (FDesks5) Считывание строки номер "4" с пользователем проигнорирована, т.к. доска "m9OPI7wT" карточки "eoa71BFthJHwA6iY" определена как приватная
18:26:47.287 : (FDesks5) Считывание строки номер "12" с пользователем проигнорирована, т.к. доска "m9OPI7wT" карточки "Yvr0oT3gRLGpAida" определена как приватная
18:26:47.287 : (FDesks5) Считывание строки номер "13" с пользователем проигнорирована, т.к. доска "m9OPI7wT" карточки "Yvr0oT3gRLGpAida" определена как приватная
18:26:47.287 : (FDesks5) Считывание строки номер "21" с пользователем проигнорирована, т.к. доска "m9OPI7wT" карточки "t0pNPU1AYWFdnMc2" определена как приватная
18:26:47.287 : (FDesks5) Считывание строки номер "22" с пользователем проигнорирована, т.к. доска "m9OPI7wT" карточки "t0pNPU1AYWFdnMc2" определена как приватная
18:26:47.288 : Конец обработки информации, начало работы программы. Имя программы: "Task Manager". Текущая версия программы: "v0.4.1729 alpha"

-------------------- НОВЫЙ ЗАПУСК 18:28:37.621 --------------------
18:28:37.622 : Конец обработки информации, начало работы программы. Имя программы: "Task Manager". Текущая версия программы: "v0.4.1729 alpha"

-------------------- НОВЫЙ ЗАПУСК 18:40:27.665 --------------------
18:40:27.665 : (FDesks2) Отсутствует чек-лист карточки  в файле m9OPI7wT.desk
18:40:27.671 : (FDesks2) Отсутствует чек-лист карточки t0pNPU1AYWFdnMc2 в файле rK9IJzFS.desk
18:40:27.672 : (FDesks2) Отсутствует чек-лист карточки eoa71BFthJHwA6iY в файле sjiXF2f7.desk
18:40:27.673 : Конец обработки информации, начало работы программы. Имя программы: "Task Manager". Текущая версия программы: "v0.4.1729 alpha"

-------------------- НОВЫЙ ЗАПУСК 18:40:59.803 --------------------
18:40:59.803 : (FDesks2) Отсутствует чек-лист карточки  в файле m9OPI7wT.desk
18:40:59.806 : (FDesks2) Отсутствует чек-лист карточки t0pNPU1AYWFdnMc2 в файле rK9IJzFS.desk
18:40:59.806 : (FDesks2) Отсутствует чек-лист карточки eoa71BFthJHwA6iY в файле sjiXF2f7.desk
18:40:59.807 : Конец обработки информации, начало работы программы. Имя программы: "Task Manager". Текущая версия программы: "v0.4.1729 alpha"

-------------------- НОВЫЙ ЗАПУСК 18:43:29.757 --------------------
18:43:29.757 : (FDesks2) Отсутствует чек-лист карточки "" в файле m9OPI7wT.desk
18:43:29.759 : (FDesks2) Отсутствует чек-лист карточки "t0pNPU1AYWFdnMc2" в файле rK9IJzFS.desk
18:43:29.759 : (FDesks2) Отсутствует чек-лист карточки "eoa71BFthJHwA6iY" в файле sjiXF2f7.desk
18:43:29.760 : Конец обработки информации, начало работы программы. Имя программы: "Task Manager". Текущая версия программы: "v0.4.1729 alpha"

-------------------- НОВЫЙ ЗАПУСК 18:47:46.105 --------------------
18:47:46.105 : Конец обработки информации. Имя программы: "Task Manager". Текущая версия программы: "v0.4.1729 alpha"

-------------------- НОВЫЙ ЗАПУСК 18:52:47.024 --------------------
18:52:47.024 : (FDesks2) Отсутствует чек-лист карточки "" в файле m9OPI7wT.desk

-------------------- НОВЫЙ ЗАПУСК 18:52:51.144 --------------------
18:52:51.145 : (FDesks2) Отсутствует чек-лист карточки "" в файле m9OPI7wT.desk
18:52:51.149 : (FDesks2) Отсутствует чек-лист карточки "t0pNPU1AYWFdnMc2" в файле rK9IJzFS.desk
18:52:51.150 : (FDesks2) Отсутствует чек-лист карточки "eoa71BFthJHwA6iY" в файле sjiXF2f7.desk
18:52:51.150 : Конец обработки информации. Имя программы: "Task Manager". Текущая версия программы: "v0.4.1729 alpha"

-------------------- НОВЫЙ ЗАПУСК 18:54:15.605 --------------------
18:54:15.605 : (FDesks2) Отсутствует чек-лист карточки "" в файле m9OPI7wT.desk

-------------------- НОВЫЙ ЗАПУСК 18:54:24.266 --------------------
18:54:24.266 : (FDesks2) Отсутствует чек-лист карточки "" в файле m9OPI7wT.desk

-------------------- НОВЫЙ ЗАПУСК 18:54:37.294 --------------------
18:54:37.294 : (FDesks2) Отсутствует чек-лист карточки "" в файле m9OPI7wT.desk

-------------------- НОВЫЙ ЗАПУСК 18:56:19.251 --------------------
18:56:19.252 : (FDesks2) Отсутствует чек-лист карточки "" в файле m9OPI7wT.desk
18:56:19.255 : (FDesks2) Отсутствует чек-лист карточки "t0pNPU1AYWFdnMc2" в файле rK9IJzFS.desk
18:56:19.256 : (FDesks2) Отсутствует чек-лист карточки "eoa71BFthJHwA6iY" в файле sjiXF2f7.desk
18:56:19.256 : Конец обработки информации. Имя программы: "Task Manager". Текущая версия программы: "v0.4.1729 alpha"

-------------------- НОВЫЙ ЗАПУСК 19:00:21.604 --------------------
19:00:21.605 : Конец обработки информации. Имя программы: "Task Manager". Текущая версия программы: "v0.4.1729 alpha"

-------------------- НОВЫЙ ЗАПУСК 19:03:56.666 --------------------
19:03:56.666 : (FDesks11) Неверный формат данных в строке "пункт1|0"
19:03:56.669 : (FDesks11) Неверный формат данных в строке "пункт2|0"
19:03:56.669 : (FDesks11) Неверный формат данных в строке "пункт3|1"
19:03:56.670 : (FDesks11) Неверный формат данных в строке "пункт4|0"
19:04:38.019 : (FDesks11) Неверный формат данных в строке "пункт1|0"
19:04:39.671 : (FDesks11) Неверный формат данных в строке "пункт2|0"
19:04:42.625 : (FDesks11) Неверный формат данных в строке "пункт3|1"
19:04:44.798 : (FDesks11) Неверный формат данных в строке "пункт4|0"

-------------------- НОВЫЙ ЗАПУСК 19:10:36.548 --------------------
19:10:36.549 : (FDesks11) Неверный формат данных в строке "пункт1|0"
19:10:36.551 : (FDesks11) Неверный формат данных в строке "пункт2|0"
19:10:36.551 : (FDesks11) Неверный формат данных в строке "пункт3|1"
19:10:36.551 : (FDesks11) Неверный формат данных в строке "пункт4|0"

-------------------- НОВЫЙ ЗАПУСК 19:10:42.824 --------------------
19:10:42.824 : (FDesks11) Неверный формат данных в строке "пункт1|0"
19:10:42.826 : (FDesks11) Неверный формат данных в строке "пункт2|0"
19:10:42.826 : (FDesks11) Неверный формат данных в строке "пункт3|1"
19:10:42.826 : (FDesks11) Неверный формат данных в строке "пункт4|0"
19:10:42.826 : (FDesks11) Неверный формат данных в строке "пункт1|0"
19:10:42.827 : (FDesks11) Неверный формат данных в строке "пункт2|0"
19:10:42.827 : (FDesks11) Неверный формат данных в строке "пункт3|1"
19:10:42.827 : (FDesks11) Неверный формат данных в строке "пункт4|0"
19:10:42.827 : (FDesks11) Неверный формат данных в строке "пункт1|0"
19:10:42.827 : (FDesks11) Неверный формат данных в строке "пункт2|0"
19:10:42.828 : (FDesks11) Неверный формат данных в строке "пункт3|1"
19:10:42.828 : (FDesks11) Неверный формат данных в строке "пункт4|0"
19:10:42.828 : (FDesks13) Проблема с данными расписания или ошибка FillDesks()
19:10:42.828 : (LError1) Возникла проблемы при обработке информации, проверьте лог "2023-05-31.log"

-------------------- НОВЫЙ ЗАПУСК 19:11:49.237 --------------------
19:11:49.237 : (FDesks11) Неверный формат данных в файле "m9OPI7wT.desk" в строке "6"
19:11:49.240 : (FDesks11) Неверный формат данных в файле "m9OPI7wT.desk" в строке "7"
19:11:49.240 : (FDesks11) Неверный формат данных в файле "m9OPI7wT.desk" в строке "8"
19:11:49.240 : (FDesks11) Неверный формат данных в файле "m9OPI7wT.desk" в строке "9"
19:11:49.241 : (FDesks11) Неверный формат данных в файле "m9OPI7wT.desk" в строке "15"
19:11:49.241 : (FDesks11) Неверный формат данных в файле "m9OPI7wT.desk" в строке "16"
19:11:49.241 : (FDesks11) Неверный формат данных в файле "m9OPI7wT.desk" в строке "17"
19:11:49.241 : (FDesks11) Неверный формат данных в файле "m9OPI7wT.desk" в строке "18"
19:11:49.242 : (FDesks11) Неверный формат данных в файле "rK9IJzFS.desk" в строке "3"
19:11:49.242 : (FDesks11) Неверный формат данных в файле "rK9IJzFS.desk" в строке "4"
19:11:49.242 : (FDesks11) Неверный формат данных в файле "rK9IJzFS.desk" в строке "5"
19:11:49.242 : (FDesks11) Неверный формат данных в файле "rK9IJzFS.desk" в строке "6"
19:11:49.242 : (FDesks13) Проблема с данными расписания или ошибка FillDesks()
19:11:49.243 : (LError1) Возникла проблемы при обработке информации, проверьте лог "2023-05-31.log"

-------------------- НОВЫЙ ЗАПУСК 19:12:41.045 --------------------
19:12:41.045 : (FDesks11) Неверный формат данных в файле "m9OPI7wT.desk" в строке "6"
19:12:41.046 : (FDesks11) Неверный формат данных в файле "m9OPI7wT.desk" в строке "7"
19:12:41.047 : (FDesks11) Неверный формат данных в файле "m9OPI7wT.desk" в строке "8"
19:12:41.047 : (FDesks11) Неверный формат данных в файле "m9OPI7wT.desk" в строке "9"
19:12:41.047 : (FDesks11) Неверный формат данных в файле "m9OPI7wT.desk" в строке "15"
19:12:41.047 : (FDesks11) Неверный формат данных в файле "m9OPI7wT.desk" в строке "16"
19:12:41.048 : (FDesks11) Неверный формат данных в файле "m9OPI7wT.desk" в строке "17"
19:12:41.048 : (FDesks11) Неверный формат данных в файле "m9OPI7wT.desk" в строке "18"
19:12:41.048 : (FDesks11) Неверный формат данных в файле "rK9IJzFS.desk" в строке "3"
19:12:41.048 : (FDesks11) Неверный формат данных в файле "rK9IJzFS.desk" в строке "4"
19:12:41.049 : (FDesks11) Неверный формат данных в файле "rK9IJzFS.desk" в строке "5"
19:12:41.049 : (FDesks11) Неверный формат данных в файле "rK9IJzFS.desk" в строке "6"
19:12:41.049 : (FDesks13) Проблема с данными расписания или ошибка FillDesks()
19:12:41.049 : (LError1) Возникла проблемы при обработке информации, проверьте лог "2023-05-31.log"

-------------------- НОВЫЙ ЗАПУСК 19:14:55.815 --------------------
19:14:55.815 : Конец обработки информации. Имя программы: "Task Manager". Текущая версия программы: "v0.4.1729 alpha"

-------------------- НОВЫЙ ЗАПУСК 19:17:22.749 --------------------
19:17:22.749 : Конец обработки информации. Имя программы: "Task Manager". Текущая версия программы: "v0.4.1729 alpha"

-------------------- НОВЫЙ ЗАПУСК 19:48:22.093 --------------------
19:48:22.094 : Конец обработки информации. Имя программы: "Task Manager". Текущая версия программы: "v0.4.1729 alpha"

-------------------- НОВЫЙ ЗАПУСК 19:49:45.039 --------------------
19:49:45.039 : Конец обработки информации. Имя программы: "Task Manager". Текущая версия программы: "v0.4.1729 alpha"

-------------------- НОВЫЙ ЗАПУСК 20:00:51.306 --------------------
20:00:51.307 : Конец обработки информации. Имя программы: "Task Manager". Текущая версия программы: "v0.4.1729 alpha"

-------------------- НОВЫЙ ЗАПУСК 20:01:26.454 --------------------
20:01:26.455 : Конец обработки информации. Имя программы: "Task Manager". Текущая версия программы: "v0.4.1729 alpha"

-------------------- НОВЫЙ ЗАПУСК 23:13:13.885 --------------------
23:13:13.885 : Конец обработки информации. Имя программы: "Task Manager". Текущая версия программы: "v0.4.1729 alpha"
